<?xml version="1.0" encoding="UTF-8"?>
<testsuite name="edu.orangecoastcollege.cs273.api.APIRequestTest" tests="4" skipped="0" failures="0" errors="0" timestamp="2017-11-16T08:41:42" hostname="Vincents-MacBook-Pro.local" time="0.214">
  <properties/>
  <testcase name="checkUserDatabase" classname="edu.orangecoastcollege.cs273.api.APIRequestTest" time="0.015"/>
  <testcase name="checkUserMatchID" classname="edu.orangecoastcollege.cs273.api.APIRequestTest" time="0.107"/>
  <testcase name="getAllHeroes" classname="edu.orangecoastcollege.cs273.api.APIRequestTest" time="0.091"/>
  <testcase name="getAllUsers" classname="edu.orangecoastcollege.cs273.api.APIRequestTest" time="0.001"/>
  <system-out><![CDATA[MatchID{mMatchID='3345606478', mMatchSeqNum='2918718958', mStartTime='1501412582', mLobbyType=0, mMatchPlayers=[]}
MatchID{mMatchID='3338924956', mMatchSeqNum='2913119264', mStartTime='1501147849', mLobbyType=0, mMatchPlayers=[]}
MatchID{mMatchID='3080619157', mMatchSeqNum='2690127723', mStartTime='1490592067', mLobbyType=0, mMatchPlayers=[]}
MatchID{mMatchID='2872522513', mMatchSeqNum='2505742492', mStartTime='1482734908', mLobbyType=0, mMatchPlayers=[]}
MatchID{mMatchID='2847122432', mMatchSeqNum='2483901573', mStartTime='1481776715', mLobbyType=0, mMatchPlayers=[]}
MatchID{mMatchID='2842150190', mMatchSeqNum='2479827002', mStartTime='1481606317', mLobbyType=0, mMatchPlayers=[]}
MatchID{mMatchID='2842107642', mMatchSeqNum='2479788411', mStartTime='1481604133', mLobbyType=0, mMatchPlayers=[]}
MatchID{mMatchID='2775164580', mMatchSeqNum='2421611625', mStartTime='1479016637', mLobbyType=0, mMatchPlayers=[]}
MatchID{mMatchID='2775067361', mMatchSeqNum='2421546531', mStartTime='1479013393', mLobbyType=0, mMatchPlayers=[]}
MatchID{mMatchID='2774989960', mMatchSeqNum='2421467762', mStartTime='1479010527', mLobbyType=0, mMatchPlayers=[]}
MatchID{mMatchID='2774908435', mMatchSeqNum='2421404710', mStartTime='1479007204', mLobbyType=0, mMatchPlayers=[]}
MatchID{mMatchID='2764473987', mMatchSeqNum='2412359994', mStartTime='1478598770', mLobbyType=0, mMatchPlayers=[]}
MatchID{mMatchID='2764402430', mMatchSeqNum='2412273338', mStartTime='1478595982', mLobbyType=0, mMatchPlayers=[]}
MatchID{mMatchID='2720104395', mMatchSeqNum='2374065905', mStartTime='1476865969', mLobbyType=0, mMatchPlayers=[]}
MatchID{mMatchID='2716254872', mMatchSeqNum='2370728677', mStartTime='1476695290', mLobbyType=0, mMatchPlayers=[]}
MatchID{mMatchID='2711350782', mMatchSeqNum='2366537311', mStartTime='1476520386', mLobbyType=0, mMatchPlayers=[]}
MatchID{mMatchID='2695712582', mMatchSeqNum='2353121498', mStartTime='1475906397', mLobbyType=0, mMatchPlayers=[]}
MatchID{mMatchID='2685557268', mMatchSeqNum='2344364266', mStartTime='1475487981', mLobbyType=0, mMatchPlayers=[]}
MatchID{mMatchID='2614148128', mMatchSeqNum='2282511807', mStartTime='1472712052', mLobbyType=0, mMatchPlayers=[]}
MatchID{mMatchID='2596816028', mMatchSeqNum='2267632565', mStartTime='1472098695', mLobbyType=0, mMatchPlayers=[]}
MatchID{mMatchID='2594235606', mMatchSeqNum='2265504336', mStartTime='1472006222', mLobbyType=0, mMatchPlayers=[]}
MatchID{mMatchID='2586465156', mMatchSeqNum='2258871271', mStartTime='1471733942', mLobbyType=0, mMatchPlayers=[]}
MatchID{mMatchID='2586393706', mMatchSeqNum='2258821826', mStartTime='1471730152', mLobbyType=0, mMatchPlayers=[]}
MatchID{mMatchID='2581633311', mMatchSeqNum='2254742680', mStartTime='1471577839', mLobbyType=0, mMatchPlayers=[]}
MatchID{mMatchID='2581582574', mMatchSeqNum='2254690277', mStartTime='1471575262', mLobbyType=0, mMatchPlayers=[]}
MatchID{mMatchID='3345606478', mMatchSeqNum='2918718958', mStartTime='1501412582', mLobbyType=0, mMatchPlayers=[]}
MatchID{mMatchID='3345606478', mMatchSeqNum='2918718958', mStartTime='1501412582', mLobbyType=0, mMatchPlayers=[]}
MatchID{mMatchID='3338924956', mMatchSeqNum='2913119264', mStartTime='1501147849', mLobbyType=0, mMatchPlayers=[]}
MatchID{mMatchID='3338924956', mMatchSeqNum='2913119264', mStartTime='1501147849', mLobbyType=0, mMatchPlayers=[]}
MatchID{mMatchID='3338924956', mMatchSeqNum='2913119264', mStartTime='1501147849', mLobbyType=0, mMatchPlayers=[]}
MatchID{mMatchID='3080619157', mMatchSeqNum='2690127723', mStartTime='1490592067', mLobbyType=0, mMatchPlayers=[]}
MatchID{mMatchID='2872522513', mMatchSeqNum='2505742492', mStartTime='1482734908', mLobbyType=0, mMatchPlayers=[]}
MatchID{mMatchID='2847122432', mMatchSeqNum='2483901573', mStartTime='1481776715', mLobbyType=0, mMatchPlayers=[]}
MatchID{mMatchID='2764473987', mMatchSeqNum='2412359994', mStartTime='1478598770', mLobbyType=0, mMatchPlayers=[]}
MatchID{mMatchID='2764473987', mMatchSeqNum='2412359994', mStartTime='1478598770', mLobbyType=0, mMatchPlayers=[]}
MatchID{mMatchID='2764473987', mMatchSeqNum='2412359994', mStartTime='1478598770', mLobbyType=0, mMatchPlayers=[]}
MatchID{mMatchID='2764473987', mMatchSeqNum='2412359994', mStartTime='1478598770', mLobbyType=0, mMatchPlayers=[]}
MatchID{mMatchID='2764402430', mMatchSeqNum='2412273338', mStartTime='1478595982', mLobbyType=0, mMatchPlayers=[]}
MatchID{mMatchID='2764402430', mMatchSeqNum='2412273338', mStartTime='1478595982', mLobbyType=0, mMatchPlayers=[]}
MatchID{mMatchID='2720104395', mMatchSeqNum='2374065905', mStartTime='1476865969', mLobbyType=0, mMatchPlayers=[]}
MatchID{mMatchID='2720104395', mMatchSeqNum='2374065905', mStartTime='1476865969', mLobbyType=0, mMatchPlayers=[]}
MatchID{mMatchID='2720104395', mMatchSeqNum='2374065905', mStartTime='1476865969', mLobbyType=0, mMatchPlayers=[]}
MatchID{mMatchID='2720104395', mMatchSeqNum='2374065905', mStartTime='1476865969', mLobbyType=0, mMatchPlayers=[]}
MatchID{mMatchID='2720104395', mMatchSeqNum='2374065905', mStartTime='1476865969', mLobbyType=0, mMatchPlayers=[]}
MatchID{mMatchID='2716254872', mMatchSeqNum='2370728677', mStartTime='1476695290', mLobbyType=0, mMatchPlayers=[]}
MatchID{mMatchID='2716254872', mMatchSeqNum='2370728677', mStartTime='1476695290', mLobbyType=0, mMatchPlayers=[]}
MatchID{mMatchID='2711350782', mMatchSeqNum='2366537311', mStartTime='1476520386', mLobbyType=0, mMatchPlayers=[]}
MatchID{mMatchID='2711350782', mMatchSeqNum='2366537311', mStartTime='1476520386', mLobbyType=0, mMatchPlayers=[]}
MatchID{mMatchID='2711350782', mMatchSeqNum='2366537311', mStartTime='1476520386', mLobbyType=0, mMatchPlayers=[]}
MatchID{mMatchID='2695712582', mMatchSeqNum='2353121498', mStartTime='1475906397', mLobbyType=0, mMatchPlayers=[]}
MatchID{mMatchID='2695712582', mMatchSeqNum='2353121498', mStartTime='1475906397', mLobbyType=0, mMatchPlayers=[]}
MatchID{mMatchID='2685557268', mMatchSeqNum='2344364266', mStartTime='1475487981', mLobbyType=0, mMatchPlayers=[]}
MatchID{mMatchID='2614148128', mMatchSeqNum='2282511807', mStartTime='1472712052', mLobbyType=0, mMatchPlayers=[]}
MatchID{mMatchID='2614148128', mMatchSeqNum='2282511807', mStartTime='1472712052', mLobbyType=0, mMatchPlayers=[]}
MatchID{mMatchID='2596816028', mMatchSeqNum='2267632565', mStartTime='1472098695', mLobbyType=0, mMatchPlayers=[]}
MatchID{mMatchID='2594235606', mMatchSeqNum='2265504336', mStartTime='1472006222', mLobbyType=0, mMatchPlayers=[]}
MatchID{mMatchID='2586465156', mMatchSeqNum='2258871271', mStartTime='1471733942', mLobbyType=0, mMatchPlayers=[]}
MatchID{mMatchID='2586393706', mMatchSeqNum='2258821826', mStartTime='1471730152', mLobbyType=0, mMatchPlayers=[]}
MatchID{mMatchID='2586393706', mMatchSeqNum='2258821826', mStartTime='1471730152', mLobbyType=0, mMatchPlayers=[]}
MatchID{mMatchID='2581633311', mMatchSeqNum='2254742680', mStartTime='1471577839', mLobbyType=0, mMatchPlayers=[]}
MatchID{mMatchID='2581633311', mMatchSeqNum='2254742680', mStartTime='1471577839', mLobbyType=0, mMatchPlayers=[]}
MatchID{mMatchID='2581633311', mMatchSeqNum='2254742680', mStartTime='1471577839', mLobbyType=0, mMatchPlayers=[]}
MatchID{mMatchID='3345606478', mMatchSeqNum='2918718958', mStartTime='1501412582', mLobbyType=0, mMatchPlayers=[]}
MatchID{mMatchID='3338924956', mMatchSeqNum='2913119264', mStartTime='1501147849', mLobbyType=0, mMatchPlayers=[]}
MatchID{mMatchID='3080619157', mMatchSeqNum='2690127723', mStartTime='1490592067', mLobbyType=0, mMatchPlayers=[]}
MatchID{mMatchID='2872522513', mMatchSeqNum='2505742492', mStartTime='1482734908', mLobbyType=0, mMatchPlayers=[]}
MatchID{mMatchID='2847122432', mMatchSeqNum='2483901573', mStartTime='1481776715', mLobbyType=0, mMatchPlayers=[]}
MatchID{mMatchID='2842150190', mMatchSeqNum='2479827002', mStartTime='1481606317', mLobbyType=0, mMatchPlayers=[]}
MatchID{mMatchID='2842107642', mMatchSeqNum='2479788411', mStartTime='1481604133', mLobbyType=0, mMatchPlayers=[]}
MatchID{mMatchID='2775164580', mMatchSeqNum='2421611625', mStartTime='1479016637', mLobbyType=0, mMatchPlayers=[]}
MatchID{mMatchID='2775067361', mMatchSeqNum='2421546531', mStartTime='1479013393', mLobbyType=0, mMatchPlayers=[]}
MatchID{mMatchID='2774989960', mMatchSeqNum='2421467762', mStartTime='1479010527', mLobbyType=0, mMatchPlayers=[]}
MatchID{mMatchID='2774908435', mMatchSeqNum='2421404710', mStartTime='1479007204', mLobbyType=0, mMatchPlayers=[]}
MatchID{mMatchID='2764473987', mMatchSeqNum='2412359994', mStartTime='1478598770', mLobbyType=0, mMatchPlayers=[]}
MatchID{mMatchID='2764402430', mMatchSeqNum='2412273338', mStartTime='1478595982', mLobbyType=0, mMatchPlayers=[]}
MatchID{mMatchID='2720104395', mMatchSeqNum='2374065905', mStartTime='1476865969', mLobbyType=0, mMatchPlayers=[]}
MatchID{mMatchID='2716254872', mMatchSeqNum='2370728677', mStartTime='1476695290', mLobbyType=0, mMatchPlayers=[]}
MatchID{mMatchID='2711350782', mMatchSeqNum='2366537311', mStartTime='1476520386', mLobbyType=0, mMatchPlayers=[]}
MatchID{mMatchID='2695712582', mMatchSeqNum='2353121498', mStartTime='1475906397', mLobbyType=0, mMatchPlayers=[]}
MatchID{mMatchID='2685557268', mMatchSeqNum='2344364266', mStartTime='1475487981', mLobbyType=0, mMatchPlayers=[]}
MatchID{mMatchID='2614148128', mMatchSeqNum='2282511807', mStartTime='1472712052', mLobbyType=0, mMatchPlayers=[]}
MatchID{mMatchID='2596816028', mMatchSeqNum='2267632565', mStartTime='1472098695', mLobbyType=0, mMatchPlayers=[]}
MatchID{mMatchID='2594235606', mMatchSeqNum='2265504336', mStartTime='1472006222', mLobbyType=0, mMatchPlayers=[]}
MatchID{mMatchID='2586465156', mMatchSeqNum='2258871271', mStartTime='1471733942', mLobbyType=0, mMatchPlayers=[]}
MatchID{mMatchID='2586393706', mMatchSeqNum='2258821826', mStartTime='1471730152', mLobbyType=0, mMatchPlayers=[]}
MatchID{mMatchID='2581633311', mMatchSeqNum='2254742680', mStartTime='1471577839', mLobbyType=0, mMatchPlayers=[]}
MatchID{mMatchID='2581582574', mMatchSeqNum='2254690277', mStartTime='1471575262', mLobbyType=0, mMatchPlayers=[]}
MatchID{mMatchID='2775164580', mMatchSeqNum='2421611625', mStartTime='1479016637', mLobbyType=0, mMatchPlayers=[]}
MatchID{mMatchID='2775067361', mMatchSeqNum='2421546531', mStartTime='1479013393', mLobbyType=0, mMatchPlayers=[]}
MatchID{mMatchID='2774989960', mMatchSeqNum='2421467762', mStartTime='1479010527', mLobbyType=0, mMatchPlayers=[]}
MatchID{mMatchID='2774908435', mMatchSeqNum='2421404710', mStartTime='1479007204', mLobbyType=0, mMatchPlayers=[]}
MatchID{mMatchID='2716254872', mMatchSeqNum='2370728677', mStartTime='1476695290', mLobbyType=0, mMatchPlayers=[]}
MatchID{mMatchID='2614148128', mMatchSeqNum='2282511807', mStartTime='1472712052', mLobbyType=0, mMatchPlayers=[]}
MatchID{mMatchID='2594235606', mMatchSeqNum='2265504336', mStartTime='1472006222', mLobbyType=0, mMatchPlayers=[]}
User: personaname1
MatchID{mMatchID='3345606478', mMatchSeqNum='2918718958', mStartTime='1501412582', mLobbyType=0, mMatchPlayers=[]}
MatchID{mMatchID='3345606478', mMatchSeqNum='2918718958', mStartTime='1501412582', mLobbyType=0, mMatchPlayers=[]}
MatchID{mMatchID='3338924956', mMatchSeqNum='2913119264', mStartTime='1501147849', mLobbyType=0, mMatchPlayers=[]}
MatchID{mMatchID='3338924956', mMatchSeqNum='2913119264', mStartTime='1501147849', mLobbyType=0, mMatchPlayers=[]}
MatchID{mMatchID='3338924956', mMatchSeqNum='2913119264', mStartTime='1501147849', mLobbyType=0, mMatchPlayers=[]}
MatchID{mMatchID='3080619157', mMatchSeqNum='2690127723', mStartTime='1490592067', mLobbyType=0, mMatchPlayers=[]}
MatchID{mMatchID='2872522513', mMatchSeqNum='2505742492', mStartTime='1482734908', mLobbyType=0, mMatchPlayers=[]}
MatchID{mMatchID='2847122432', mMatchSeqNum='2483901573', mStartTime='1481776715', mLobbyType=0, mMatchPlayers=[]}
MatchID{mMatchID='2764473987', mMatchSeqNum='2412359994', mStartTime='1478598770', mLobbyType=0, mMatchPlayers=[]}
MatchID{mMatchID='2764473987', mMatchSeqNum='2412359994', mStartTime='1478598770', mLobbyType=0, mMatchPlayers=[]}
MatchID{mMatchID='2764473987', mMatchSeqNum='2412359994', mStartTime='1478598770', mLobbyType=0, mMatchPlayers=[]}
MatchID{mMatchID='2764473987', mMatchSeqNum='2412359994', mStartTime='1478598770', mLobbyType=0, mMatchPlayers=[]}
MatchID{mMatchID='2764402430', mMatchSeqNum='2412273338', mStartTime='1478595982', mLobbyType=0, mMatchPlayers=[]}
MatchID{mMatchID='2764402430', mMatchSeqNum='2412273338', mStartTime='1478595982', mLobbyType=0, mMatchPlayers=[]}
MatchID{mMatchID='2720104395', mMatchSeqNum='2374065905', mStartTime='1476865969', mLobbyType=0, mMatchPlayers=[]}
MatchID{mMatchID='2720104395', mMatchSeqNum='2374065905', mStartTime='1476865969', mLobbyType=0, mMatchPlayers=[]}
MatchID{mMatchID='2720104395', mMatchSeqNum='2374065905', mStartTime='1476865969', mLobbyType=0, mMatchPlayers=[]}
MatchID{mMatchID='2720104395', mMatchSeqNum='2374065905', mStartTime='1476865969', mLobbyType=0, mMatchPlayers=[]}
MatchID{mMatchID='2720104395', mMatchSeqNum='2374065905', mStartTime='1476865969', mLobbyType=0, mMatchPlayers=[]}
MatchID{mMatchID='2716254872', mMatchSeqNum='2370728677', mStartTime='1476695290', mLobbyType=0, mMatchPlayers=[]}
MatchID{mMatchID='2716254872', mMatchSeqNum='2370728677', mStartTime='1476695290', mLobbyType=0, mMatchPlayers=[]}
MatchID{mMatchID='2711350782', mMatchSeqNum='2366537311', mStartTime='1476520386', mLobbyType=0, mMatchPlayers=[]}
MatchID{mMatchID='2711350782', mMatchSeqNum='2366537311', mStartTime='1476520386', mLobbyType=0, mMatchPlayers=[]}
MatchID{mMatchID='2711350782', mMatchSeqNum='2366537311', mStartTime='1476520386', mLobbyType=0, mMatchPlayers=[]}
MatchID{mMatchID='2695712582', mMatchSeqNum='2353121498', mStartTime='1475906397', mLobbyType=0, mMatchPlayers=[]}
MatchID{mMatchID='2695712582', mMatchSeqNum='2353121498', mStartTime='1475906397', mLobbyType=0, mMatchPlayers=[]}
MatchID{mMatchID='2685557268', mMatchSeqNum='2344364266', mStartTime='1475487981', mLobbyType=0, mMatchPlayers=[]}
MatchID{mMatchID='2614148128', mMatchSeqNum='2282511807', mStartTime='1472712052', mLobbyType=0, mMatchPlayers=[]}
MatchID{mMatchID='2614148128', mMatchSeqNum='2282511807', mStartTime='1472712052', mLobbyType=0, mMatchPlayers=[]}
MatchID{mMatchID='2596816028', mMatchSeqNum='2267632565', mStartTime='1472098695', mLobbyType=0, mMatchPlayers=[]}
MatchID{mMatchID='2594235606', mMatchSeqNum='2265504336', mStartTime='1472006222', mLobbyType=0, mMatchPlayers=[]}
MatchID{mMatchID='2586465156', mMatchSeqNum='2258871271', mStartTime='1471733942', mLobbyType=0, mMatchPlayers=[]}
MatchID{mMatchID='2586393706', mMatchSeqNum='2258821826', mStartTime='1471730152', mLobbyType=0, mMatchPlayers=[]}
MatchID{mMatchID='2586393706', mMatchSeqNum='2258821826', mStartTime='1471730152', mLobbyType=0, mMatchPlayers=[]}
MatchID{mMatchID='2581633311', mMatchSeqNum='2254742680', mStartTime='1471577839', mLobbyType=0, mMatchPlayers=[]}
MatchID{mMatchID='2581633311', mMatchSeqNum='2254742680', mStartTime='1471577839', mLobbyType=0, mMatchPlayers=[]}
MatchID{mMatchID='2581633311', mMatchSeqNum='2254742680', mStartTime='1471577839', mLobbyType=0, mMatchPlayers=[]}
MatchID{mMatchID='3345606478', mMatchSeqNum='2918718958', mStartTime='1501412582', mLobbyType=0, mMatchPlayers=[]}
MatchID{mMatchID='3338924956', mMatchSeqNum='2913119264', mStartTime='1501147849', mLobbyType=0, mMatchPlayers=[]}
MatchID{mMatchID='3080619157', mMatchSeqNum='2690127723', mStartTime='1490592067', mLobbyType=0, mMatchPlayers=[]}
MatchID{mMatchID='2872522513', mMatchSeqNum='2505742492', mStartTime='1482734908', mLobbyType=0, mMatchPlayers=[]}
MatchID{mMatchID='2847122432', mMatchSeqNum='2483901573', mStartTime='1481776715', mLobbyType=0, mMatchPlayers=[]}
MatchID{mMatchID='2842150190', mMatchSeqNum='2479827002', mStartTime='1481606317', mLobbyType=0, mMatchPlayers=[]}
MatchID{mMatchID='2842107642', mMatchSeqNum='2479788411', mStartTime='1481604133', mLobbyType=0, mMatchPlayers=[]}
MatchID{mMatchID='2775164580', mMatchSeqNum='2421611625', mStartTime='1479016637', mLobbyType=0, mMatchPlayers=[]}
MatchID{mMatchID='2775067361', mMatchSeqNum='2421546531', mStartTime='1479013393', mLobbyType=0, mMatchPlayers=[]}
MatchID{mMatchID='2774989960', mMatchSeqNum='2421467762', mStartTime='1479010527', mLobbyType=0, mMatchPlayers=[]}
MatchID{mMatchID='2774908435', mMatchSeqNum='2421404710', mStartTime='1479007204', mLobbyType=0, mMatchPlayers=[]}
MatchID{mMatchID='2764473987', mMatchSeqNum='2412359994', mStartTime='1478598770', mLobbyType=0, mMatchPlayers=[]}
MatchID{mMatchID='2764402430', mMatchSeqNum='2412273338', mStartTime='1478595982', mLobbyType=0, mMatchPlayers=[]}
MatchID{mMatchID='2720104395', mMatchSeqNum='2374065905', mStartTime='1476865969', mLobbyType=0, mMatchPlayers=[]}
MatchID{mMatchID='2716254872', mMatchSeqNum='2370728677', mStartTime='1476695290', mLobbyType=0, mMatchPlayers=[]}
MatchID{mMatchID='2711350782', mMatchSeqNum='2366537311', mStartTime='1476520386', mLobbyType=0, mMatchPlayers=[]}
MatchID{mMatchID='2695712582', mMatchSeqNum='2353121498', mStartTime='1475906397', mLobbyType=0, mMatchPlayers=[]}
MatchID{mMatchID='2685557268', mMatchSeqNum='2344364266', mStartTime='1475487981', mLobbyType=0, mMatchPlayers=[]}
MatchID{mMatchID='2614148128', mMatchSeqNum='2282511807', mStartTime='1472712052', mLobbyType=0, mMatchPlayers=[]}
MatchID{mMatchID='2596816028', mMatchSeqNum='2267632565', mStartTime='1472098695', mLobbyType=0, mMatchPlayers=[]}
MatchID{mMatchID='2594235606', mMatchSeqNum='2265504336', mStartTime='1472006222', mLobbyType=0, mMatchPlayers=[]}
MatchID{mMatchID='2586465156', mMatchSeqNum='2258871271', mStartTime='1471733942', mLobbyType=0, mMatchPlayers=[]}
MatchID{mMatchID='2586393706', mMatchSeqNum='2258821826', mStartTime='1471730152', mLobbyType=0, mMatchPlayers=[]}
MatchID{mMatchID='2581633311', mMatchSeqNum='2254742680', mStartTime='1471577839', mLobbyType=0, mMatchPlayers=[]}
MatchID{mMatchID='2581582574', mMatchSeqNum='2254690277', mStartTime='1471575262', mLobbyType=0, mMatchPlayers=[]}
MatchID{mMatchID='2775164580', mMatchSeqNum='2421611625', mStartTime='1479016637', mLobbyType=0, mMatchPlayers=[]}
MatchID{mMatchID='2775067361', mMatchSeqNum='2421546531', mStartTime='1479013393', mLobbyType=0, mMatchPlayers=[]}
MatchID{mMatchID='2774989960', mMatchSeqNum='2421467762', mStartTime='1479010527', mLobbyType=0, mMatchPlayers=[]}
MatchID{mMatchID='2774908435', mMatchSeqNum='2421404710', mStartTime='1479007204', mLobbyType=0, mMatchPlayers=[]}
MatchID{mMatchID='2716254872', mMatchSeqNum='2370728677', mStartTime='1476695290', mLobbyType=0, mMatchPlayers=[]}
MatchID{mMatchID='2614148128', mMatchSeqNum='2282511807', mStartTime='1472712052', mLobbyType=0, mMatchPlayers=[]}
MatchID{mMatchID='2594235606', mMatchSeqNum='2265504336', mStartTime='1472006222', mLobbyType=0, mMatchPlayers=[]}
MatchID{mMatchID='3345606478', mMatchSeqNum='2918718958', mStartTime='1501412582', mLobbyType=0, mMatchPlayers=[]}
MatchID{mMatchID='3345606478', mMatchSeqNum='2918718958', mStartTime='1501412582', mLobbyType=0, mMatchPlayers=[]}
MatchID{mMatchID='3338924956', mMatchSeqNum='2913119264', mStartTime='1501147849', mLobbyType=0, mMatchPlayers=[]}
MatchID{mMatchID='3338924956', mMatchSeqNum='2913119264', mStartTime='1501147849', mLobbyType=0, mMatchPlayers=[]}
MatchID{mMatchID='3338924956', mMatchSeqNum='2913119264', mStartTime='1501147849', mLobbyType=0, mMatchPlayers=[]}
MatchID{mMatchID='3080619157', mMatchSeqNum='2690127723', mStartTime='1490592067', mLobbyType=0, mMatchPlayers=[]}
MatchID{mMatchID='2872522513', mMatchSeqNum='2505742492', mStartTime='1482734908', mLobbyType=0, mMatchPlayers=[]}
MatchID{mMatchID='2847122432', mMatchSeqNum='2483901573', mStartTime='1481776715', mLobbyType=0, mMatchPlayers=[]}
MatchID{mMatchID='2764473987', mMatchSeqNum='2412359994', mStartTime='1478598770', mLobbyType=0, mMatchPlayers=[]}
MatchID{mMatchID='2764473987', mMatchSeqNum='2412359994', mStartTime='1478598770', mLobbyType=0, mMatchPlayers=[]}
MatchID{mMatchID='2764473987', mMatchSeqNum='2412359994', mStartTime='1478598770', mLobbyType=0, mMatchPlayers=[]}
MatchID{mMatchID='2764473987', mMatchSeqNum='2412359994', mStartTime='1478598770', mLobbyType=0, mMatchPlayers=[]}
MatchID{mMatchID='2764402430', mMatchSeqNum='2412273338', mStartTime='1478595982', mLobbyType=0, mMatchPlayers=[]}
MatchID{mMatchID='2764402430', mMatchSeqNum='2412273338', mStartTime='1478595982', mLobbyType=0, mMatchPlayers=[]}
MatchID{mMatchID='2720104395', mMatchSeqNum='2374065905', mStartTime='1476865969', mLobbyType=0, mMatchPlayers=[]}
MatchID{mMatchID='2720104395', mMatchSeqNum='2374065905', mStartTime='1476865969', mLobbyType=0, mMatchPlayers=[]}
MatchID{mMatchID='2720104395', mMatchSeqNum='2374065905', mStartTime='1476865969', mLobbyType=0, mMatchPlayers=[]}
MatchID{mMatchID='2720104395', mMatchSeqNum='2374065905', mStartTime='1476865969', mLobbyType=0, mMatchPlayers=[]}
MatchID{mMatchID='2720104395', mMatchSeqNum='2374065905', mStartTime='1476865969', mLobbyType=0, mMatchPlayers=[]}
MatchID{mMatchID='2716254872', mMatchSeqNum='2370728677', mStartTime='1476695290', mLobbyType=0, mMatchPlayers=[]}
MatchID{mMatchID='2716254872', mMatchSeqNum='2370728677', mStartTime='1476695290', mLobbyType=0, mMatchPlayers=[]}
MatchID{mMatchID='2711350782', mMatchSeqNum='2366537311', mStartTime='1476520386', mLobbyType=0, mMatchPlayers=[]}
MatchID{mMatchID='2711350782', mMatchSeqNum='2366537311', mStartTime='1476520386', mLobbyType=0, mMatchPlayers=[]}
MatchID{mMatchID='2711350782', mMatchSeqNum='2366537311', mStartTime='1476520386', mLobbyType=0, mMatchPlayers=[]}
MatchID{mMatchID='2695712582', mMatchSeqNum='2353121498', mStartTime='1475906397', mLobbyType=0, mMatchPlayers=[]}
MatchID{mMatchID='2695712582', mMatchSeqNum='2353121498', mStartTime='1475906397', mLobbyType=0, mMatchPlayers=[]}
MatchID{mMatchID='2685557268', mMatchSeqNum='2344364266', mStartTime='1475487981', mLobbyType=0, mMatchPlayers=[]}
MatchID{mMatchID='2614148128', mMatchSeqNum='2282511807', mStartTime='1472712052', mLobbyType=0, mMatchPlayers=[]}
MatchID{mMatchID='2614148128', mMatchSeqNum='2282511807', mStartTime='1472712052', mLobbyType=0, mMatchPlayers=[]}
MatchID{mMatchID='2596816028', mMatchSeqNum='2267632565', mStartTime='1472098695', mLobbyType=0, mMatchPlayers=[]}
MatchID{mMatchID='2594235606', mMatchSeqNum='2265504336', mStartTime='1472006222', mLobbyType=0, mMatchPlayers=[]}
MatchID{mMatchID='2586465156', mMatchSeqNum='2258871271', mStartTime='1471733942', mLobbyType=0, mMatchPlayers=[]}
MatchID{mMatchID='2586393706', mMatchSeqNum='2258821826', mStartTime='1471730152', mLobbyType=0, mMatchPlayers=[]}
MatchID{mMatchID='2586393706', mMatchSeqNum='2258821826', mStartTime='1471730152', mLobbyType=0, mMatchPlayers=[]}
MatchID{mMatchID='2581633311', mMatchSeqNum='2254742680', mStartTime='1471577839', mLobbyType=0, mMatchPlayers=[]}
MatchID{mMatchID='2581633311', mMatchSeqNum='2254742680', mStartTime='1471577839', mLobbyType=0, mMatchPlayers=[]}
MatchID{mMatchID='2581633311', mMatchSeqNum='2254742680', mStartTime='1471577839', mLobbyType=0, mMatchPlayers=[]}
MatchID{mMatchID='3345606478', mMatchSeqNum='2918718958', mStartTime='1501412582', mLobbyType=0, mMatchPlayers=[]}
MatchID{mMatchID='3338924956', mMatchSeqNum='2913119264', mStartTime='1501147849', mLobbyType=0, mMatchPlayers=[]}
MatchID{mMatchID='3080619157', mMatchSeqNum='2690127723', mStartTime='1490592067', mLobbyType=0, mMatchPlayers=[]}
MatchID{mMatchID='2872522513', mMatchSeqNum='2505742492', mStartTime='1482734908', mLobbyType=0, mMatchPlayers=[]}
MatchID{mMatchID='2847122432', mMatchSeqNum='2483901573', mStartTime='1481776715', mLobbyType=0, mMatchPlayers=[]}
MatchID{mMatchID='2842150190', mMatchSeqNum='2479827002', mStartTime='1481606317', mLobbyType=0, mMatchPlayers=[]}
MatchID{mMatchID='2842107642', mMatchSeqNum='2479788411', mStartTime='1481604133', mLobbyType=0, mMatchPlayers=[]}
MatchID{mMatchID='2775164580', mMatchSeqNum='2421611625', mStartTime='1479016637', mLobbyType=0, mMatchPlayers=[]}
MatchID{mMatchID='2775067361', mMatchSeqNum='2421546531', mStartTime='1479013393', mLobbyType=0, mMatchPlayers=[]}
MatchID{mMatchID='2774989960', mMatchSeqNum='2421467762', mStartTime='1479010527', mLobbyType=0, mMatchPlayers=[]}
MatchID{mMatchID='2774908435', mMatchSeqNum='2421404710', mStartTime='1479007204', mLobbyType=0, mMatchPlayers=[]}
MatchID{mMatchID='2764473987', mMatchSeqNum='2412359994', mStartTime='1478598770', mLobbyType=0, mMatchPlayers=[]}
MatchID{mMatchID='2764402430', mMatchSeqNum='2412273338', mStartTime='1478595982', mLobbyType=0, mMatchPlayers=[]}
MatchID{mMatchID='2720104395', mMatchSeqNum='2374065905', mStartTime='1476865969', mLobbyType=0, mMatchPlayers=[]}
MatchID{mMatchID='2716254872', mMatchSeqNum='2370728677', mStartTime='1476695290', mLobbyType=0, mMatchPlayers=[]}
MatchID{mMatchID='2711350782', mMatchSeqNum='2366537311', mStartTime='1476520386', mLobbyType=0, mMatchPlayers=[]}
MatchID{mMatchID='2695712582', mMatchSeqNum='2353121498', mStartTime='1475906397', mLobbyType=0, mMatchPlayers=[]}
MatchID{mMatchID='2685557268', mMatchSeqNum='2344364266', mStartTime='1475487981', mLobbyType=0, mMatchPlayers=[]}
MatchID{mMatchID='2614148128', mMatchSeqNum='2282511807', mStartTime='1472712052', mLobbyType=0, mMatchPlayers=[]}
MatchID{mMatchID='2596816028', mMatchSeqNum='2267632565', mStartTime='1472098695', mLobbyType=0, mMatchPlayers=[]}
MatchID{mMatchID='2594235606', mMatchSeqNum='2265504336', mStartTime='1472006222', mLobbyType=0, mMatchPlayers=[]}
MatchID{mMatchID='2586465156', mMatchSeqNum='2258871271', mStartTime='1471733942', mLobbyType=0, mMatchPlayers=[]}
MatchID{mMatchID='2586393706', mMatchSeqNum='2258821826', mStartTime='1471730152', mLobbyType=0, mMatchPlayers=[]}
MatchID{mMatchID='2581633311', mMatchSeqNum='2254742680', mStartTime='1471577839', mLobbyType=0, mMatchPlayers=[]}
MatchID{mMatchID='2581582574', mMatchSeqNum='2254690277', mStartTime='1471575262', mLobbyType=0, mMatchPlayers=[]}
MatchID{mMatchID='2775164580', mMatchSeqNum='2421611625', mStartTime='1479016637', mLobbyType=0, mMatchPlayers=[]}
MatchID{mMatchID='2775067361', mMatchSeqNum='2421546531', mStartTime='1479013393', mLobbyType=0, mMatchPlayers=[]}
MatchID{mMatchID='2774989960', mMatchSeqNum='2421467762', mStartTime='1479010527', mLobbyType=0, mMatchPlayers=[]}
MatchID{mMatchID='2774908435', mMatchSeqNum='2421404710', mStartTime='1479007204', mLobbyType=0, mMatchPlayers=[]}
MatchID{mMatchID='2716254872', mMatchSeqNum='2370728677', mStartTime='1476695290', mLobbyType=0, mMatchPlayers=[]}
MatchID{mMatchID='2614148128', mMatchSeqNum='2282511807', mStartTime='1472712052', mLobbyType=0, mMatchPlayers=[]}
MatchID{mMatchID='2594235606', mMatchSeqNum='2265504336', mStartTime='1472006222', mLobbyType=0, mMatchPlayers=[]}
User: personaname2
MatchID{mMatchID='3345606478', mMatchSeqNum='2918718958', mStartTime='1501412582', mLobbyType=0, mMatchPlayers=[]}
MatchID{mMatchID='3345606478', mMatchSeqNum='2918718958', mStartTime='1501412582', mLobbyType=0, mMatchPlayers=[]}
MatchID{mMatchID='3338924956', mMatchSeqNum='2913119264', mStartTime='1501147849', mLobbyType=0, mMatchPlayers=[]}
MatchID{mMatchID='3338924956', mMatchSeqNum='2913119264', mStartTime='1501147849', mLobbyType=0, mMatchPlayers=[]}
MatchID{mMatchID='3338924956', mMatchSeqNum='2913119264', mStartTime='1501147849', mLobbyType=0, mMatchPlayers=[]}
MatchID{mMatchID='3080619157', mMatchSeqNum='2690127723', mStartTime='1490592067', mLobbyType=0, mMatchPlayers=[]}
MatchID{mMatchID='2872522513', mMatchSeqNum='2505742492', mStartTime='1482734908', mLobbyType=0, mMatchPlayers=[]}
MatchID{mMatchID='2847122432', mMatchSeqNum='2483901573', mStartTime='1481776715', mLobbyType=0, mMatchPlayers=[]}
MatchID{mMatchID='2764473987', mMatchSeqNum='2412359994', mStartTime='1478598770', mLobbyType=0, mMatchPlayers=[]}
MatchID{mMatchID='2764473987', mMatchSeqNum='2412359994', mStartTime='1478598770', mLobbyType=0, mMatchPlayers=[]}
MatchID{mMatchID='2764473987', mMatchSeqNum='2412359994', mStartTime='1478598770', mLobbyType=0, mMatchPlayers=[]}
MatchID{mMatchID='2764473987', mMatchSeqNum='2412359994', mStartTime='1478598770', mLobbyType=0, mMatchPlayers=[]}
MatchID{mMatchID='2764402430', mMatchSeqNum='2412273338', mStartTime='1478595982', mLobbyType=0, mMatchPlayers=[]}
MatchID{mMatchID='2764402430', mMatchSeqNum='2412273338', mStartTime='1478595982', mLobbyType=0, mMatchPlayers=[]}
MatchID{mMatchID='2720104395', mMatchSeqNum='2374065905', mStartTime='1476865969', mLobbyType=0, mMatchPlayers=[]}
MatchID{mMatchID='2720104395', mMatchSeqNum='2374065905', mStartTime='1476865969', mLobbyType=0, mMatchPlayers=[]}
MatchID{mMatchID='2720104395', mMatchSeqNum='2374065905', mStartTime='1476865969', mLobbyType=0, mMatchPlayers=[]}
MatchID{mMatchID='2720104395', mMatchSeqNum='2374065905', mStartTime='1476865969', mLobbyType=0, mMatchPlayers=[]}
MatchID{mMatchID='2720104395', mMatchSeqNum='2374065905', mStartTime='1476865969', mLobbyType=0, mMatchPlayers=[]}
MatchID{mMatchID='2716254872', mMatchSeqNum='2370728677', mStartTime='1476695290', mLobbyType=0, mMatchPlayers=[]}
MatchID{mMatchID='2716254872', mMatchSeqNum='2370728677', mStartTime='1476695290', mLobbyType=0, mMatchPlayers=[]}
MatchID{mMatchID='2711350782', mMatchSeqNum='2366537311', mStartTime='1476520386', mLobbyType=0, mMatchPlayers=[]}
MatchID{mMatchID='2711350782', mMatchSeqNum='2366537311', mStartTime='1476520386', mLobbyType=0, mMatchPlayers=[]}
MatchID{mMatchID='2711350782', mMatchSeqNum='2366537311', mStartTime='1476520386', mLobbyType=0, mMatchPlayers=[]}
MatchID{mMatchID='2695712582', mMatchSeqNum='2353121498', mStartTime='1475906397', mLobbyType=0, mMatchPlayers=[]}
MatchID{mMatchID='2695712582', mMatchSeqNum='2353121498', mStartTime='1475906397', mLobbyType=0, mMatchPlayers=[]}
MatchID{mMatchID='2685557268', mMatchSeqNum='2344364266', mStartTime='1475487981', mLobbyType=0, mMatchPlayers=[]}
MatchID{mMatchID='2614148128', mMatchSeqNum='2282511807', mStartTime='1472712052', mLobbyType=0, mMatchPlayers=[]}
MatchID{mMatchID='2614148128', mMatchSeqNum='2282511807', mStartTime='1472712052', mLobbyType=0, mMatchPlayers=[]}
MatchID{mMatchID='2596816028', mMatchSeqNum='2267632565', mStartTime='1472098695', mLobbyType=0, mMatchPlayers=[]}
MatchID{mMatchID='2594235606', mMatchSeqNum='2265504336', mStartTime='1472006222', mLobbyType=0, mMatchPlayers=[]}
MatchID{mMatchID='2586465156', mMatchSeqNum='2258871271', mStartTime='1471733942', mLobbyType=0, mMatchPlayers=[]}
MatchID{mMatchID='2586393706', mMatchSeqNum='2258821826', mStartTime='1471730152', mLobbyType=0, mMatchPlayers=[]}
MatchID{mMatchID='2586393706', mMatchSeqNum='2258821826', mStartTime='1471730152', mLobbyType=0, mMatchPlayers=[]}
MatchID{mMatchID='2581633311', mMatchSeqNum='2254742680', mStartTime='1471577839', mLobbyType=0, mMatchPlayers=[]}
MatchID{mMatchID='2581633311', mMatchSeqNum='2254742680', mStartTime='1471577839', mLobbyType=0, mMatchPlayers=[]}
MatchID{mMatchID='2581633311', mMatchSeqNum='2254742680', mStartTime='1471577839', mLobbyType=0, mMatchPlayers=[]}
MatchID{mMatchID='3345606478', mMatchSeqNum='2918718958', mStartTime='1501412582', mLobbyType=0, mMatchPlayers=[]}
MatchID{mMatchID='3338924956', mMatchSeqNum='2913119264', mStartTime='1501147849', mLobbyType=0, mMatchPlayers=[]}
MatchID{mMatchID='3080619157', mMatchSeqNum='2690127723', mStartTime='1490592067', mLobbyType=0, mMatchPlayers=[]}
MatchID{mMatchID='2872522513', mMatchSeqNum='2505742492', mStartTime='1482734908', mLobbyType=0, mMatchPlayers=[]}
MatchID{mMatchID='2847122432', mMatchSeqNum='2483901573', mStartTime='1481776715', mLobbyType=0, mMatchPlayers=[]}
MatchID{mMatchID='2842150190', mMatchSeqNum='2479827002', mStartTime='1481606317', mLobbyType=0, mMatchPlayers=[]}
MatchID{mMatchID='2842107642', mMatchSeqNum='2479788411', mStartTime='1481604133', mLobbyType=0, mMatchPlayers=[]}
MatchID{mMatchID='2775164580', mMatchSeqNum='2421611625', mStartTime='1479016637', mLobbyType=0, mMatchPlayers=[]}
MatchID{mMatchID='2775067361', mMatchSeqNum='2421546531', mStartTime='1479013393', mLobbyType=0, mMatchPlayers=[]}
MatchID{mMatchID='2774989960', mMatchSeqNum='2421467762', mStartTime='1479010527', mLobbyType=0, mMatchPlayers=[]}
MatchID{mMatchID='2774908435', mMatchSeqNum='2421404710', mStartTime='1479007204', mLobbyType=0, mMatchPlayers=[]}
MatchID{mMatchID='2764473987', mMatchSeqNum='2412359994', mStartTime='1478598770', mLobbyType=0, mMatchPlayers=[]}
MatchID{mMatchID='2764402430', mMatchSeqNum='2412273338', mStartTime='1478595982', mLobbyType=0, mMatchPlayers=[]}
MatchID{mMatchID='2720104395', mMatchSeqNum='2374065905', mStartTime='1476865969', mLobbyType=0, mMatchPlayers=[]}
MatchID{mMatchID='2716254872', mMatchSeqNum='2370728677', mStartTime='1476695290', mLobbyType=0, mMatchPlayers=[]}
MatchID{mMatchID='2711350782', mMatchSeqNum='2366537311', mStartTime='1476520386', mLobbyType=0, mMatchPlayers=[]}
MatchID{mMatchID='2695712582', mMatchSeqNum='2353121498', mStartTime='1475906397', mLobbyType=0, mMatchPlayers=[]}
MatchID{mMatchID='2685557268', mMatchSeqNum='2344364266', mStartTime='1475487981', mLobbyType=0, mMatchPlayers=[]}
MatchID{mMatchID='2614148128', mMatchSeqNum='2282511807', mStartTime='1472712052', mLobbyType=0, mMatchPlayers=[]}
MatchID{mMatchID='2596816028', mMatchSeqNum='2267632565', mStartTime='1472098695', mLobbyType=0, mMatchPlayers=[]}
MatchID{mMatchID='2594235606', mMatchSeqNum='2265504336', mStartTime='1472006222', mLobbyType=0, mMatchPlayers=[]}
MatchID{mMatchID='2586465156', mMatchSeqNum='2258871271', mStartTime='1471733942', mLobbyType=0, mMatchPlayers=[]}
MatchID{mMatchID='2586393706', mMatchSeqNum='2258821826', mStartTime='1471730152', mLobbyType=0, mMatchPlayers=[]}
MatchID{mMatchID='2581633311', mMatchSeqNum='2254742680', mStartTime='1471577839', mLobbyType=0, mMatchPlayers=[]}
MatchID{mMatchID='2581582574', mMatchSeqNum='2254690277', mStartTime='1471575262', mLobbyType=0, mMatchPlayers=[]}
MatchID{mMatchID='2775164580', mMatchSeqNum='2421611625', mStartTime='1479016637', mLobbyType=0, mMatchPlayers=[]}
MatchID{mMatchID='2775067361', mMatchSeqNum='2421546531', mStartTime='1479013393', mLobbyType=0, mMatchPlayers=[]}
MatchID{mMatchID='2774989960', mMatchSeqNum='2421467762', mStartTime='1479010527', mLobbyType=0, mMatchPlayers=[]}
MatchID{mMatchID='2774908435', mMatchSeqNum='2421404710', mStartTime='1479007204', mLobbyType=0, mMatchPlayers=[]}
MatchID{mMatchID='2716254872', mMatchSeqNum='2370728677', mStartTime='1476695290', mLobbyType=0, mMatchPlayers=[]}
MatchID{mMatchID='2614148128', mMatchSeqNum='2282511807', mStartTime='1472712052', mLobbyType=0, mMatchPlayers=[]}
MatchID{mMatchID='2594235606', mMatchSeqNum='2265504336', mStartTime='1472006222', mLobbyType=0, mMatchPlayers=[]}
MatchID{mMatchID='3345606478', mMatchSeqNum='2918718958', mStartTime='1501412582', mLobbyType=0, mMatchPlayers=[]}
MatchID{mMatchID='3345606478', mMatchSeqNum='2918718958', mStartTime='1501412582', mLobbyType=0, mMatchPlayers=[]}
MatchID{mMatchID='3338924956', mMatchSeqNum='2913119264', mStartTime='1501147849', mLobbyType=0, mMatchPlayers=[]}
MatchID{mMatchID='3338924956', mMatchSeqNum='2913119264', mStartTime='1501147849', mLobbyType=0, mMatchPlayers=[]}
MatchID{mMatchID='3338924956', mMatchSeqNum='2913119264', mStartTime='1501147849', mLobbyType=0, mMatchPlayers=[]}
MatchID{mMatchID='3080619157', mMatchSeqNum='2690127723', mStartTime='1490592067', mLobbyType=0, mMatchPlayers=[]}
MatchID{mMatchID='2872522513', mMatchSeqNum='2505742492', mStartTime='1482734908', mLobbyType=0, mMatchPlayers=[]}
MatchID{mMatchID='2847122432', mMatchSeqNum='2483901573', mStartTime='1481776715', mLobbyType=0, mMatchPlayers=[]}
MatchID{mMatchID='2764473987', mMatchSeqNum='2412359994', mStartTime='1478598770', mLobbyType=0, mMatchPlayers=[]}
MatchID{mMatchID='2764473987', mMatchSeqNum='2412359994', mStartTime='1478598770', mLobbyType=0, mMatchPlayers=[]}
MatchID{mMatchID='2764473987', mMatchSeqNum='2412359994', mStartTime='1478598770', mLobbyType=0, mMatchPlayers=[]}
MatchID{mMatchID='2764473987', mMatchSeqNum='2412359994', mStartTime='1478598770', mLobbyType=0, mMatchPlayers=[]}
MatchID{mMatchID='2764402430', mMatchSeqNum='2412273338', mStartTime='1478595982', mLobbyType=0, mMatchPlayers=[]}
MatchID{mMatchID='2764402430', mMatchSeqNum='2412273338', mStartTime='1478595982', mLobbyType=0, mMatchPlayers=[]}
MatchID{mMatchID='2720104395', mMatchSeqNum='2374065905', mStartTime='1476865969', mLobbyType=0, mMatchPlayers=[]}
MatchID{mMatchID='2720104395', mMatchSeqNum='2374065905', mStartTime='1476865969', mLobbyType=0, mMatchPlayers=[]}
MatchID{mMatchID='2720104395', mMatchSeqNum='2374065905', mStartTime='1476865969', mLobbyType=0, mMatchPlayers=[]}
MatchID{mMatchID='2720104395', mMatchSeqNum='2374065905', mStartTime='1476865969', mLobbyType=0, mMatchPlayers=[]}
MatchID{mMatchID='2720104395', mMatchSeqNum='2374065905', mStartTime='1476865969', mLobbyType=0, mMatchPlayers=[]}
MatchID{mMatchID='2716254872', mMatchSeqNum='2370728677', mStartTime='1476695290', mLobbyType=0, mMatchPlayers=[]}
MatchID{mMatchID='2716254872', mMatchSeqNum='2370728677', mStartTime='1476695290', mLobbyType=0, mMatchPlayers=[]}
MatchID{mMatchID='2711350782', mMatchSeqNum='2366537311', mStartTime='1476520386', mLobbyType=0, mMatchPlayers=[]}
MatchID{mMatchID='2711350782', mMatchSeqNum='2366537311', mStartTime='1476520386', mLobbyType=0, mMatchPlayers=[]}
MatchID{mMatchID='2711350782', mMatchSeqNum='2366537311', mStartTime='1476520386', mLobbyType=0, mMatchPlayers=[]}
MatchID{mMatchID='2695712582', mMatchSeqNum='2353121498', mStartTime='1475906397', mLobbyType=0, mMatchPlayers=[]}
MatchID{mMatchID='2695712582', mMatchSeqNum='2353121498', mStartTime='1475906397', mLobbyType=0, mMatchPlayers=[]}
MatchID{mMatchID='2685557268', mMatchSeqNum='2344364266', mStartTime='1475487981', mLobbyType=0, mMatchPlayers=[]}
MatchID{mMatchID='2614148128', mMatchSeqNum='2282511807', mStartTime='1472712052', mLobbyType=0, mMatchPlayers=[]}
MatchID{mMatchID='2614148128', mMatchSeqNum='2282511807', mStartTime='1472712052', mLobbyType=0, mMatchPlayers=[]}
MatchID{mMatchID='2596816028', mMatchSeqNum='2267632565', mStartTime='1472098695', mLobbyType=0, mMatchPlayers=[]}
MatchID{mMatchID='2594235606', mMatchSeqNum='2265504336', mStartTime='1472006222', mLobbyType=0, mMatchPlayers=[]}
MatchID{mMatchID='2586465156', mMatchSeqNum='2258871271', mStartTime='1471733942', mLobbyType=0, mMatchPlayers=[]}
MatchID{mMatchID='2586393706', mMatchSeqNum='2258821826', mStartTime='1471730152', mLobbyType=0, mMatchPlayers=[]}
MatchID{mMatchID='2586393706', mMatchSeqNum='2258821826', mStartTime='1471730152', mLobbyType=0, mMatchPlayers=[]}
MatchID{mMatchID='2581633311', mMatchSeqNum='2254742680', mStartTime='1471577839', mLobbyType=0, mMatchPlayers=[]}
MatchID{mMatchID='2581633311', mMatchSeqNum='2254742680', mStartTime='1471577839', mLobbyType=0, mMatchPlayers=[]}
MatchID{mMatchID='2581633311', mMatchSeqNum='2254742680', mStartTime='1471577839', mLobbyType=0, mMatchPlayers=[]}
MatchID{mMatchID='3345606478', mMatchSeqNum='2918718958', mStartTime='1501412582', mLobbyType=0, mMatchPlayers=[]}
MatchID{mMatchID='3338924956', mMatchSeqNum='2913119264', mStartTime='1501147849', mLobbyType=0, mMatchPlayers=[]}
MatchID{mMatchID='3080619157', mMatchSeqNum='2690127723', mStartTime='1490592067', mLobbyType=0, mMatchPlayers=[]}
MatchID{mMatchID='2872522513', mMatchSeqNum='2505742492', mStartTime='1482734908', mLobbyType=0, mMatchPlayers=[]}
MatchID{mMatchID='2847122432', mMatchSeqNum='2483901573', mStartTime='1481776715', mLobbyType=0, mMatchPlayers=[]}
MatchID{mMatchID='2842150190', mMatchSeqNum='2479827002', mStartTime='1481606317', mLobbyType=0, mMatchPlayers=[]}
MatchID{mMatchID='2842107642', mMatchSeqNum='2479788411', mStartTime='1481604133', mLobbyType=0, mMatchPlayers=[]}
MatchID{mMatchID='2775164580', mMatchSeqNum='2421611625', mStartTime='1479016637', mLobbyType=0, mMatchPlayers=[]}
MatchID{mMatchID='2775067361', mMatchSeqNum='2421546531', mStartTime='1479013393', mLobbyType=0, mMatchPlayers=[]}
MatchID{mMatchID='2774989960', mMatchSeqNum='2421467762', mStartTime='1479010527', mLobbyType=0, mMatchPlayers=[]}
MatchID{mMatchID='2774908435', mMatchSeqNum='2421404710', mStartTime='1479007204', mLobbyType=0, mMatchPlayers=[]}
MatchID{mMatchID='2764473987', mMatchSeqNum='2412359994', mStartTime='1478598770', mLobbyType=0, mMatchPlayers=[]}
MatchID{mMatchID='2764402430', mMatchSeqNum='2412273338', mStartTime='1478595982', mLobbyType=0, mMatchPlayers=[]}
MatchID{mMatchID='2720104395', mMatchSeqNum='2374065905', mStartTime='1476865969', mLobbyType=0, mMatchPlayers=[]}
MatchID{mMatchID='2716254872', mMatchSeqNum='2370728677', mStartTime='1476695290', mLobbyType=0, mMatchPlayers=[]}
MatchID{mMatchID='2711350782', mMatchSeqNum='2366537311', mStartTime='1476520386', mLobbyType=0, mMatchPlayers=[]}
MatchID{mMatchID='2695712582', mMatchSeqNum='2353121498', mStartTime='1475906397', mLobbyType=0, mMatchPlayers=[]}
MatchID{mMatchID='2685557268', mMatchSeqNum='2344364266', mStartTime='1475487981', mLobbyType=0, mMatchPlayers=[]}
MatchID{mMatchID='2614148128', mMatchSeqNum='2282511807', mStartTime='1472712052', mLobbyType=0, mMatchPlayers=[]}
MatchID{mMatchID='2596816028', mMatchSeqNum='2267632565', mStartTime='1472098695', mLobbyType=0, mMatchPlayers=[]}
MatchID{mMatchID='2594235606', mMatchSeqNum='2265504336', mStartTime='1472006222', mLobbyType=0, mMatchPlayers=[]}
MatchID{mMatchID='2586465156', mMatchSeqNum='2258871271', mStartTime='1471733942', mLobbyType=0, mMatchPlayers=[]}
MatchID{mMatchID='2586393706', mMatchSeqNum='2258821826', mStartTime='1471730152', mLobbyType=0, mMatchPlayers=[]}
MatchID{mMatchID='2581633311', mMatchSeqNum='2254742680', mStartTime='1471577839', mLobbyType=0, mMatchPlayers=[]}
MatchID{mMatchID='2581582574', mMatchSeqNum='2254690277', mStartTime='1471575262', mLobbyType=0, mMatchPlayers=[]}
MatchID{mMatchID='2775164580', mMatchSeqNum='2421611625', mStartTime='1479016637', mLobbyType=0, mMatchPlayers=[]}
MatchID{mMatchID='2775067361', mMatchSeqNum='2421546531', mStartTime='1479013393', mLobbyType=0, mMatchPlayers=[]}
MatchID{mMatchID='2774989960', mMatchSeqNum='2421467762', mStartTime='1479010527', mLobbyType=0, mMatchPlayers=[]}
MatchID{mMatchID='2774908435', mMatchSeqNum='2421404710', mStartTime='1479007204', mLobbyType=0, mMatchPlayers=[]}
MatchID{mMatchID='2716254872', mMatchSeqNum='2370728677', mStartTime='1476695290', mLobbyType=0, mMatchPlayers=[]}
MatchID{mMatchID='2614148128', mMatchSeqNum='2282511807', mStartTime='1472712052', mLobbyType=0, mMatchPlayers=[]}
MatchID{mMatchID='2594235606', mMatchSeqNum='2265504336', mStartTime='1472006222', mLobbyType=0, mMatchPlayers=[]}
User: system
MatchID{mMatchID='3345606478', mMatchSeqNum='2918718958', mStartTime='1501412582', mLobbyType=0, mMatchPlayers=[]}
MatchID{mMatchID='3345606478', mMatchSeqNum='2918718958', mStartTime='1501412582', mLobbyType=0, mMatchPlayers=[]}
MatchID{mMatchID='3338924956', mMatchSeqNum='2913119264', mStartTime='1501147849', mLobbyType=0, mMatchPlayers=[]}
MatchID{mMatchID='3338924956', mMatchSeqNum='2913119264', mStartTime='1501147849', mLobbyType=0, mMatchPlayers=[]}
MatchID{mMatchID='3338924956', mMatchSeqNum='2913119264', mStartTime='1501147849', mLobbyType=0, mMatchPlayers=[]}
MatchID{mMatchID='3080619157', mMatchSeqNum='2690127723', mStartTime='1490592067', mLobbyType=0, mMatchPlayers=[]}
MatchID{mMatchID='2872522513', mMatchSeqNum='2505742492', mStartTime='1482734908', mLobbyType=0, mMatchPlayers=[]}
MatchID{mMatchID='2847122432', mMatchSeqNum='2483901573', mStartTime='1481776715', mLobbyType=0, mMatchPlayers=[]}
MatchID{mMatchID='2764473987', mMatchSeqNum='2412359994', mStartTime='1478598770', mLobbyType=0, mMatchPlayers=[]}
MatchID{mMatchID='2764473987', mMatchSeqNum='2412359994', mStartTime='1478598770', mLobbyType=0, mMatchPlayers=[]}
MatchID{mMatchID='2764473987', mMatchSeqNum='2412359994', mStartTime='1478598770', mLobbyType=0, mMatchPlayers=[]}
MatchID{mMatchID='2764473987', mMatchSeqNum='2412359994', mStartTime='1478598770', mLobbyType=0, mMatchPlayers=[]}
MatchID{mMatchID='2764402430', mMatchSeqNum='2412273338', mStartTime='1478595982', mLobbyType=0, mMatchPlayers=[]}
MatchID{mMatchID='2764402430', mMatchSeqNum='2412273338', mStartTime='1478595982', mLobbyType=0, mMatchPlayers=[]}
MatchID{mMatchID='2720104395', mMatchSeqNum='2374065905', mStartTime='1476865969', mLobbyType=0, mMatchPlayers=[]}
MatchID{mMatchID='2720104395', mMatchSeqNum='2374065905', mStartTime='1476865969', mLobbyType=0, mMatchPlayers=[]}
MatchID{mMatchID='2720104395', mMatchSeqNum='2374065905', mStartTime='1476865969', mLobbyType=0, mMatchPlayers=[]}
MatchID{mMatchID='2720104395', mMatchSeqNum='2374065905', mStartTime='1476865969', mLobbyType=0, mMatchPlayers=[]}
MatchID{mMatchID='2720104395', mMatchSeqNum='2374065905', mStartTime='1476865969', mLobbyType=0, mMatchPlayers=[]}
MatchID{mMatchID='2716254872', mMatchSeqNum='2370728677', mStartTime='1476695290', mLobbyType=0, mMatchPlayers=[]}
MatchID{mMatchID='2716254872', mMatchSeqNum='2370728677', mStartTime='1476695290', mLobbyType=0, mMatchPlayers=[]}
MatchID{mMatchID='2711350782', mMatchSeqNum='2366537311', mStartTime='1476520386', mLobbyType=0, mMatchPlayers=[]}
MatchID{mMatchID='2711350782', mMatchSeqNum='2366537311', mStartTime='1476520386', mLobbyType=0, mMatchPlayers=[]}
MatchID{mMatchID='2711350782', mMatchSeqNum='2366537311', mStartTime='1476520386', mLobbyType=0, mMatchPlayers=[]}
MatchID{mMatchID='2695712582', mMatchSeqNum='2353121498', mStartTime='1475906397', mLobbyType=0, mMatchPlayers=[]}
MatchID{mMatchID='2695712582', mMatchSeqNum='2353121498', mStartTime='1475906397', mLobbyType=0, mMatchPlayers=[]}
MatchID{mMatchID='2685557268', mMatchSeqNum='2344364266', mStartTime='1475487981', mLobbyType=0, mMatchPlayers=[]}
MatchID{mMatchID='2614148128', mMatchSeqNum='2282511807', mStartTime='1472712052', mLobbyType=0, mMatchPlayers=[]}
MatchID{mMatchID='2614148128', mMatchSeqNum='2282511807', mStartTime='1472712052', mLobbyType=0, mMatchPlayers=[]}
MatchID{mMatchID='2596816028', mMatchSeqNum='2267632565', mStartTime='1472098695', mLobbyType=0, mMatchPlayers=[]}
MatchID{mMatchID='2594235606', mMatchSeqNum='2265504336', mStartTime='1472006222', mLobbyType=0, mMatchPlayers=[]}
MatchID{mMatchID='2586465156', mMatchSeqNum='2258871271', mStartTime='1471733942', mLobbyType=0, mMatchPlayers=[]}
MatchID{mMatchID='2586393706', mMatchSeqNum='2258821826', mStartTime='1471730152', mLobbyType=0, mMatchPlayers=[]}
MatchID{mMatchID='2586393706', mMatchSeqNum='2258821826', mStartTime='1471730152', mLobbyType=0, mMatchPlayers=[]}
MatchID{mMatchID='2581633311', mMatchSeqNum='2254742680', mStartTime='1471577839', mLobbyType=0, mMatchPlayers=[]}
MatchID{mMatchID='2581633311', mMatchSeqNum='2254742680', mStartTime='1471577839', mLobbyType=0, mMatchPlayers=[]}
MatchID{mMatchID='2581633311', mMatchSeqNum='2254742680', mStartTime='1471577839', mLobbyType=0, mMatchPlayers=[]}
MatchID{mMatchID='3345606478', mMatchSeqNum='2918718958', mStartTime='1501412582', mLobbyType=0, mMatchPlayers=[]}
MatchID{mMatchID='3338924956', mMatchSeqNum='2913119264', mStartTime='1501147849', mLobbyType=0, mMatchPlayers=[]}
MatchID{mMatchID='3080619157', mMatchSeqNum='2690127723', mStartTime='1490592067', mLobbyType=0, mMatchPlayers=[]}
MatchID{mMatchID='2872522513', mMatchSeqNum='2505742492', mStartTime='1482734908', mLobbyType=0, mMatchPlayers=[]}
MatchID{mMatchID='2847122432', mMatchSeqNum='2483901573', mStartTime='1481776715', mLobbyType=0, mMatchPlayers=[]}
MatchID{mMatchID='2842150190', mMatchSeqNum='2479827002', mStartTime='1481606317', mLobbyType=0, mMatchPlayers=[]}
MatchID{mMatchID='2842107642', mMatchSeqNum='2479788411', mStartTime='1481604133', mLobbyType=0, mMatchPlayers=[]}
MatchID{mMatchID='2775164580', mMatchSeqNum='2421611625', mStartTime='1479016637', mLobbyType=0, mMatchPlayers=[]}
MatchID{mMatchID='2775067361', mMatchSeqNum='2421546531', mStartTime='1479013393', mLobbyType=0, mMatchPlayers=[]}
MatchID{mMatchID='2774989960', mMatchSeqNum='2421467762', mStartTime='1479010527', mLobbyType=0, mMatchPlayers=[]}
MatchID{mMatchID='2774908435', mMatchSeqNum='2421404710', mStartTime='1479007204', mLobbyType=0, mMatchPlayers=[]}
MatchID{mMatchID='2764473987', mMatchSeqNum='2412359994', mStartTime='1478598770', mLobbyType=0, mMatchPlayers=[]}
MatchID{mMatchID='2764402430', mMatchSeqNum='2412273338', mStartTime='1478595982', mLobbyType=0, mMatchPlayers=[]}
MatchID{mMatchID='2720104395', mMatchSeqNum='2374065905', mStartTime='1476865969', mLobbyType=0, mMatchPlayers=[]}
MatchID{mMatchID='2716254872', mMatchSeqNum='2370728677', mStartTime='1476695290', mLobbyType=0, mMatchPlayers=[]}
MatchID{mMatchID='2711350782', mMatchSeqNum='2366537311', mStartTime='1476520386', mLobbyType=0, mMatchPlayers=[]}
MatchID{mMatchID='2695712582', mMatchSeqNum='2353121498', mStartTime='1475906397', mLobbyType=0, mMatchPlayers=[]}
MatchID{mMatchID='2685557268', mMatchSeqNum='2344364266', mStartTime='1475487981', mLobbyType=0, mMatchPlayers=[]}
MatchID{mMatchID='2614148128', mMatchSeqNum='2282511807', mStartTime='1472712052', mLobbyType=0, mMatchPlayers=[]}
MatchID{mMatchID='2596816028', mMatchSeqNum='2267632565', mStartTime='1472098695', mLobbyType=0, mMatchPlayers=[]}
MatchID{mMatchID='2594235606', mMatchSeqNum='2265504336', mStartTime='1472006222', mLobbyType=0, mMatchPlayers=[]}
MatchID{mMatchID='2586465156', mMatchSeqNum='2258871271', mStartTime='1471733942', mLobbyType=0, mMatchPlayers=[]}
MatchID{mMatchID='2586393706', mMatchSeqNum='2258821826', mStartTime='1471730152', mLobbyType=0, mMatchPlayers=[]}
MatchID{mMatchID='2581633311', mMatchSeqNum='2254742680', mStartTime='1471577839', mLobbyType=0, mMatchPlayers=[]}
MatchID{mMatchID='2581582574', mMatchSeqNum='2254690277', mStartTime='1471575262', mLobbyType=0, mMatchPlayers=[]}
MatchID{mMatchID='2775164580', mMatchSeqNum='2421611625', mStartTime='1479016637', mLobbyType=0, mMatchPlayers=[]}
MatchID{mMatchID='2775067361', mMatchSeqNum='2421546531', mStartTime='1479013393', mLobbyType=0, mMatchPlayers=[]}
MatchID{mMatchID='2774989960', mMatchSeqNum='2421467762', mStartTime='1479010527', mLobbyType=0, mMatchPlayers=[]}
MatchID{mMatchID='2774908435', mMatchSeqNum='2421404710', mStartTime='1479007204', mLobbyType=0, mMatchPlayers=[]}
MatchID{mMatchID='2716254872', mMatchSeqNum='2370728677', mStartTime='1476695290', mLobbyType=0, mMatchPlayers=[]}
MatchID{mMatchID='2614148128', mMatchSeqNum='2282511807', mStartTime='1472712052', mLobbyType=0, mMatchPlayers=[]}
MatchID{mMatchID='2594235606', mMatchSeqNum='2265504336', mStartTime='1472006222', mLobbyType=0, mMatchPlayers=[]}
MatchID{mMatchID='3345606478', mMatchSeqNum='2918718958', mStartTime='1501412582', mLobbyType=0, mMatchPlayers=[]}
MatchID{mMatchID='3345606478', mMatchSeqNum='2918718958', mStartTime='1501412582', mLobbyType=0, mMatchPlayers=[]}
MatchID{mMatchID='3338924956', mMatchSeqNum='2913119264', mStartTime='1501147849', mLobbyType=0, mMatchPlayers=[]}
MatchID{mMatchID='3338924956', mMatchSeqNum='2913119264', mStartTime='1501147849', mLobbyType=0, mMatchPlayers=[]}
MatchID{mMatchID='3338924956', mMatchSeqNum='2913119264', mStartTime='1501147849', mLobbyType=0, mMatchPlayers=[]}
MatchID{mMatchID='3080619157', mMatchSeqNum='2690127723', mStartTime='1490592067', mLobbyType=0, mMatchPlayers=[]}
MatchID{mMatchID='2872522513', mMatchSeqNum='2505742492', mStartTime='1482734908', mLobbyType=0, mMatchPlayers=[]}
MatchID{mMatchID='2847122432', mMatchSeqNum='2483901573', mStartTime='1481776715', mLobbyType=0, mMatchPlayers=[]}
MatchID{mMatchID='2764473987', mMatchSeqNum='2412359994', mStartTime='1478598770', mLobbyType=0, mMatchPlayers=[]}
MatchID{mMatchID='2764473987', mMatchSeqNum='2412359994', mStartTime='1478598770', mLobbyType=0, mMatchPlayers=[]}
MatchID{mMatchID='2764473987', mMatchSeqNum='2412359994', mStartTime='1478598770', mLobbyType=0, mMatchPlayers=[]}
MatchID{mMatchID='2764473987', mMatchSeqNum='2412359994', mStartTime='1478598770', mLobbyType=0, mMatchPlayers=[]}
MatchID{mMatchID='2764402430', mMatchSeqNum='2412273338', mStartTime='1478595982', mLobbyType=0, mMatchPlayers=[]}
MatchID{mMatchID='2764402430', mMatchSeqNum='2412273338', mStartTime='1478595982', mLobbyType=0, mMatchPlayers=[]}
MatchID{mMatchID='2720104395', mMatchSeqNum='2374065905', mStartTime='1476865969', mLobbyType=0, mMatchPlayers=[]}
MatchID{mMatchID='2720104395', mMatchSeqNum='2374065905', mStartTime='1476865969', mLobbyType=0, mMatchPlayers=[]}
MatchID{mMatchID='2720104395', mMatchSeqNum='2374065905', mStartTime='1476865969', mLobbyType=0, mMatchPlayers=[]}
MatchID{mMatchID='2720104395', mMatchSeqNum='2374065905', mStartTime='1476865969', mLobbyType=0, mMatchPlayers=[]}
MatchID{mMatchID='2720104395', mMatchSeqNum='2374065905', mStartTime='1476865969', mLobbyType=0, mMatchPlayers=[]}
MatchID{mMatchID='2716254872', mMatchSeqNum='2370728677', mStartTime='1476695290', mLobbyType=0, mMatchPlayers=[]}
MatchID{mMatchID='2716254872', mMatchSeqNum='2370728677', mStartTime='1476695290', mLobbyType=0, mMatchPlayers=[]}
MatchID{mMatchID='2711350782', mMatchSeqNum='2366537311', mStartTime='1476520386', mLobbyType=0, mMatchPlayers=[]}
MatchID{mMatchID='2711350782', mMatchSeqNum='2366537311', mStartTime='1476520386', mLobbyType=0, mMatchPlayers=[]}
MatchID{mMatchID='2711350782', mMatchSeqNum='2366537311', mStartTime='1476520386', mLobbyType=0, mMatchPlayers=[]}
MatchID{mMatchID='2695712582', mMatchSeqNum='2353121498', mStartTime='1475906397', mLobbyType=0, mMatchPlayers=[]}
MatchID{mMatchID='2695712582', mMatchSeqNum='2353121498', mStartTime='1475906397', mLobbyType=0, mMatchPlayers=[]}
MatchID{mMatchID='2685557268', mMatchSeqNum='2344364266', mStartTime='1475487981', mLobbyType=0, mMatchPlayers=[]}
MatchID{mMatchID='2614148128', mMatchSeqNum='2282511807', mStartTime='1472712052', mLobbyType=0, mMatchPlayers=[]}
MatchID{mMatchID='2614148128', mMatchSeqNum='2282511807', mStartTime='1472712052', mLobbyType=0, mMatchPlayers=[]}
MatchID{mMatchID='2596816028', mMatchSeqNum='2267632565', mStartTime='1472098695', mLobbyType=0, mMatchPlayers=[]}
MatchID{mMatchID='2594235606', mMatchSeqNum='2265504336', mStartTime='1472006222', mLobbyType=0, mMatchPlayers=[]}
MatchID{mMatchID='2586465156', mMatchSeqNum='2258871271', mStartTime='1471733942', mLobbyType=0, mMatchPlayers=[]}
MatchID{mMatchID='2586393706', mMatchSeqNum='2258821826', mStartTime='1471730152', mLobbyType=0, mMatchPlayers=[]}
MatchID{mMatchID='2586393706', mMatchSeqNum='2258821826', mStartTime='1471730152', mLobbyType=0, mMatchPlayers=[]}
MatchID{mMatchID='2581633311', mMatchSeqNum='2254742680', mStartTime='1471577839', mLobbyType=0, mMatchPlayers=[]}
MatchID{mMatchID='2581633311', mMatchSeqNum='2254742680', mStartTime='1471577839', mLobbyType=0, mMatchPlayers=[]}
MatchID{mMatchID='2581633311', mMatchSeqNum='2254742680', mStartTime='1471577839', mLobbyType=0, mMatchPlayers=[]}
MatchID{mMatchID='3345606478', mMatchSeqNum='2918718958', mStartTime='1501412582', mLobbyType=0, mMatchPlayers=[]}
MatchID{mMatchID='3338924956', mMatchSeqNum='2913119264', mStartTime='1501147849', mLobbyType=0, mMatchPlayers=[]}
MatchID{mMatchID='3080619157', mMatchSeqNum='2690127723', mStartTime='1490592067', mLobbyType=0, mMatchPlayers=[]}
MatchID{mMatchID='2872522513', mMatchSeqNum='2505742492', mStartTime='1482734908', mLobbyType=0, mMatchPlayers=[]}
MatchID{mMatchID='2847122432', mMatchSeqNum='2483901573', mStartTime='1481776715', mLobbyType=0, mMatchPlayers=[]}
MatchID{mMatchID='2842150190', mMatchSeqNum='2479827002', mStartTime='1481606317', mLobbyType=0, mMatchPlayers=[]}
MatchID{mMatchID='2842107642', mMatchSeqNum='2479788411', mStartTime='1481604133', mLobbyType=0, mMatchPlayers=[]}
MatchID{mMatchID='2775164580', mMatchSeqNum='2421611625', mStartTime='1479016637', mLobbyType=0, mMatchPlayers=[]}
MatchID{mMatchID='2775067361', mMatchSeqNum='2421546531', mStartTime='1479013393', mLobbyType=0, mMatchPlayers=[]}
MatchID{mMatchID='2774989960', mMatchSeqNum='2421467762', mStartTime='1479010527', mLobbyType=0, mMatchPlayers=[]}
MatchID{mMatchID='2774908435', mMatchSeqNum='2421404710', mStartTime='1479007204', mLobbyType=0, mMatchPlayers=[]}
MatchID{mMatchID='2764473987', mMatchSeqNum='2412359994', mStartTime='1478598770', mLobbyType=0, mMatchPlayers=[]}
MatchID{mMatchID='2764402430', mMatchSeqNum='2412273338', mStartTime='1478595982', mLobbyType=0, mMatchPlayers=[]}
MatchID{mMatchID='2720104395', mMatchSeqNum='2374065905', mStartTime='1476865969', mLobbyType=0, mMatchPlayers=[]}
MatchID{mMatchID='2716254872', mMatchSeqNum='2370728677', mStartTime='1476695290', mLobbyType=0, mMatchPlayers=[]}
MatchID{mMatchID='2711350782', mMatchSeqNum='2366537311', mStartTime='1476520386', mLobbyType=0, mMatchPlayers=[]}
MatchID{mMatchID='2695712582', mMatchSeqNum='2353121498', mStartTime='1475906397', mLobbyType=0, mMatchPlayers=[]}
MatchID{mMatchID='2685557268', mMatchSeqNum='2344364266', mStartTime='1475487981', mLobbyType=0, mMatchPlayers=[]}
MatchID{mMatchID='2614148128', mMatchSeqNum='2282511807', mStartTime='1472712052', mLobbyType=0, mMatchPlayers=[]}
MatchID{mMatchID='2596816028', mMatchSeqNum='2267632565', mStartTime='1472098695', mLobbyType=0, mMatchPlayers=[]}
MatchID{mMatchID='2594235606', mMatchSeqNum='2265504336', mStartTime='1472006222', mLobbyType=0, mMatchPlayers=[]}
MatchID{mMatchID='2586465156', mMatchSeqNum='2258871271', mStartTime='1471733942', mLobbyType=0, mMatchPlayers=[]}
MatchID{mMatchID='2586393706', mMatchSeqNum='2258821826', mStartTime='1471730152', mLobbyType=0, mMatchPlayers=[]}
MatchID{mMatchID='2581633311', mMatchSeqNum='2254742680', mStartTime='1471577839', mLobbyType=0, mMatchPlayers=[]}
MatchID{mMatchID='2581582574', mMatchSeqNum='2254690277', mStartTime='1471575262', mLobbyType=0, mMatchPlayers=[]}
MatchID{mMatchID='2775164580', mMatchSeqNum='2421611625', mStartTime='1479016637', mLobbyType=0, mMatchPlayers=[]}
MatchID{mMatchID='2775067361', mMatchSeqNum='2421546531', mStartTime='1479013393', mLobbyType=0, mMatchPlayers=[]}
MatchID{mMatchID='2774989960', mMatchSeqNum='2421467762', mStartTime='1479010527', mLobbyType=0, mMatchPlayers=[]}
MatchID{mMatchID='2774908435', mMatchSeqNum='2421404710', mStartTime='1479007204', mLobbyType=0, mMatchPlayers=[]}
MatchID{mMatchID='2716254872', mMatchSeqNum='2370728677', mStartTime='1476695290', mLobbyType=0, mMatchPlayers=[]}
MatchID{mMatchID='2614148128', mMatchSeqNum='2282511807', mStartTime='1472712052', mLobbyType=0, mMatchPlayers=[]}
MatchID{mMatchID='2594235606', mMatchSeqNum='2265504336', mStartTime='1472006222', mLobbyType=0, mMatchPlayers=[]}
User: personaname4
MatchID{mMatchID='3345606478', mMatchSeqNum='2918718958', mStartTime='1501412582', mLobbyType=0, mMatchPlayers=[]}
MatchID{mMatchID='3345606478', mMatchSeqNum='2918718958', mStartTime='1501412582', mLobbyType=0, mMatchPlayers=[]}
MatchID{mMatchID='3338924956', mMatchSeqNum='2913119264', mStartTime='1501147849', mLobbyType=0, mMatchPlayers=[]}
MatchID{mMatchID='3338924956', mMatchSeqNum='2913119264', mStartTime='1501147849', mLobbyType=0, mMatchPlayers=[]}
MatchID{mMatchID='3338924956', mMatchSeqNum='2913119264', mStartTime='1501147849', mLobbyType=0, mMatchPlayers=[]}
MatchID{mMatchID='3080619157', mMatchSeqNum='2690127723', mStartTime='1490592067', mLobbyType=0, mMatchPlayers=[]}
MatchID{mMatchID='2872522513', mMatchSeqNum='2505742492', mStartTime='1482734908', mLobbyType=0, mMatchPlayers=[]}
MatchID{mMatchID='2847122432', mMatchSeqNum='2483901573', mStartTime='1481776715', mLobbyType=0, mMatchPlayers=[]}
MatchID{mMatchID='2764473987', mMatchSeqNum='2412359994', mStartTime='1478598770', mLobbyType=0, mMatchPlayers=[]}
MatchID{mMatchID='2764473987', mMatchSeqNum='2412359994', mStartTime='1478598770', mLobbyType=0, mMatchPlayers=[]}
MatchID{mMatchID='2764473987', mMatchSeqNum='2412359994', mStartTime='1478598770', mLobbyType=0, mMatchPlayers=[]}
MatchID{mMatchID='2764473987', mMatchSeqNum='2412359994', mStartTime='1478598770', mLobbyType=0, mMatchPlayers=[]}
MatchID{mMatchID='2764402430', mMatchSeqNum='2412273338', mStartTime='1478595982', mLobbyType=0, mMatchPlayers=[]}
MatchID{mMatchID='2764402430', mMatchSeqNum='2412273338', mStartTime='1478595982', mLobbyType=0, mMatchPlayers=[]}
MatchID{mMatchID='2720104395', mMatchSeqNum='2374065905', mStartTime='1476865969', mLobbyType=0, mMatchPlayers=[]}
MatchID{mMatchID='2720104395', mMatchSeqNum='2374065905', mStartTime='1476865969', mLobbyType=0, mMatchPlayers=[]}
MatchID{mMatchID='2720104395', mMatchSeqNum='2374065905', mStartTime='1476865969', mLobbyType=0, mMatchPlayers=[]}
MatchID{mMatchID='2720104395', mMatchSeqNum='2374065905', mStartTime='1476865969', mLobbyType=0, mMatchPlayers=[]}
MatchID{mMatchID='2720104395', mMatchSeqNum='2374065905', mStartTime='1476865969', mLobbyType=0, mMatchPlayers=[]}
MatchID{mMatchID='2716254872', mMatchSeqNum='2370728677', mStartTime='1476695290', mLobbyType=0, mMatchPlayers=[]}
MatchID{mMatchID='2716254872', mMatchSeqNum='2370728677', mStartTime='1476695290', mLobbyType=0, mMatchPlayers=[]}
MatchID{mMatchID='2711350782', mMatchSeqNum='2366537311', mStartTime='1476520386', mLobbyType=0, mMatchPlayers=[]}
MatchID{mMatchID='2711350782', mMatchSeqNum='2366537311', mStartTime='1476520386', mLobbyType=0, mMatchPlayers=[]}
MatchID{mMatchID='2711350782', mMatchSeqNum='2366537311', mStartTime='1476520386', mLobbyType=0, mMatchPlayers=[]}
MatchID{mMatchID='2695712582', mMatchSeqNum='2353121498', mStartTime='1475906397', mLobbyType=0, mMatchPlayers=[]}
MatchID{mMatchID='2695712582', mMatchSeqNum='2353121498', mStartTime='1475906397', mLobbyType=0, mMatchPlayers=[]}
MatchID{mMatchID='2685557268', mMatchSeqNum='2344364266', mStartTime='1475487981', mLobbyType=0, mMatchPlayers=[]}
MatchID{mMatchID='2614148128', mMatchSeqNum='2282511807', mStartTime='1472712052', mLobbyType=0, mMatchPlayers=[]}
MatchID{mMatchID='2614148128', mMatchSeqNum='2282511807', mStartTime='1472712052', mLobbyType=0, mMatchPlayers=[]}
MatchID{mMatchID='2596816028', mMatchSeqNum='2267632565', mStartTime='1472098695', mLobbyType=0, mMatchPlayers=[]}
MatchID{mMatchID='2594235606', mMatchSeqNum='2265504336', mStartTime='1472006222', mLobbyType=0, mMatchPlayers=[]}
MatchID{mMatchID='2586465156', mMatchSeqNum='2258871271', mStartTime='1471733942', mLobbyType=0, mMatchPlayers=[]}
MatchID{mMatchID='2586393706', mMatchSeqNum='2258821826', mStartTime='1471730152', mLobbyType=0, mMatchPlayers=[]}
MatchID{mMatchID='2586393706', mMatchSeqNum='2258821826', mStartTime='1471730152', mLobbyType=0, mMatchPlayers=[]}
MatchID{mMatchID='2581633311', mMatchSeqNum='2254742680', mStartTime='1471577839', mLobbyType=0, mMatchPlayers=[]}
MatchID{mMatchID='2581633311', mMatchSeqNum='2254742680', mStartTime='1471577839', mLobbyType=0, mMatchPlayers=[]}
MatchID{mMatchID='2581633311', mMatchSeqNum='2254742680', mStartTime='1471577839', mLobbyType=0, mMatchPlayers=[]}
MatchID{mMatchID='3345606478', mMatchSeqNum='2918718958', mStartTime='1501412582', mLobbyType=0, mMatchPlayers=[]}
MatchID{mMatchID='3338924956', mMatchSeqNum='2913119264', mStartTime='1501147849', mLobbyType=0, mMatchPlayers=[]}
MatchID{mMatchID='3080619157', mMatchSeqNum='2690127723', mStartTime='1490592067', mLobbyType=0, mMatchPlayers=[]}
MatchID{mMatchID='2872522513', mMatchSeqNum='2505742492', mStartTime='1482734908', mLobbyType=0, mMatchPlayers=[]}
MatchID{mMatchID='2847122432', mMatchSeqNum='2483901573', mStartTime='1481776715', mLobbyType=0, mMatchPlayers=[]}
MatchID{mMatchID='2842150190', mMatchSeqNum='2479827002', mStartTime='1481606317', mLobbyType=0, mMatchPlayers=[]}
MatchID{mMatchID='2842107642', mMatchSeqNum='2479788411', mStartTime='1481604133', mLobbyType=0, mMatchPlayers=[]}
MatchID{mMatchID='2775164580', mMatchSeqNum='2421611625', mStartTime='1479016637', mLobbyType=0, mMatchPlayers=[]}
MatchID{mMatchID='2775067361', mMatchSeqNum='2421546531', mStartTime='1479013393', mLobbyType=0, mMatchPlayers=[]}
MatchID{mMatchID='2774989960', mMatchSeqNum='2421467762', mStartTime='1479010527', mLobbyType=0, mMatchPlayers=[]}
MatchID{mMatchID='2774908435', mMatchSeqNum='2421404710', mStartTime='1479007204', mLobbyType=0, mMatchPlayers=[]}
MatchID{mMatchID='2764473987', mMatchSeqNum='2412359994', mStartTime='1478598770', mLobbyType=0, mMatchPlayers=[]}
MatchID{mMatchID='2764402430', mMatchSeqNum='2412273338', mStartTime='1478595982', mLobbyType=0, mMatchPlayers=[]}
MatchID{mMatchID='2720104395', mMatchSeqNum='2374065905', mStartTime='1476865969', mLobbyType=0, mMatchPlayers=[]}
MatchID{mMatchID='2716254872', mMatchSeqNum='2370728677', mStartTime='1476695290', mLobbyType=0, mMatchPlayers=[]}
MatchID{mMatchID='2711350782', mMatchSeqNum='2366537311', mStartTime='1476520386', mLobbyType=0, mMatchPlayers=[]}
MatchID{mMatchID='2695712582', mMatchSeqNum='2353121498', mStartTime='1475906397', mLobbyType=0, mMatchPlayers=[]}
MatchID{mMatchID='2685557268', mMatchSeqNum='2344364266', mStartTime='1475487981', mLobbyType=0, mMatchPlayers=[]}
MatchID{mMatchID='2614148128', mMatchSeqNum='2282511807', mStartTime='1472712052', mLobbyType=0, mMatchPlayers=[]}
MatchID{mMatchID='2596816028', mMatchSeqNum='2267632565', mStartTime='1472098695', mLobbyType=0, mMatchPlayers=[]}
MatchID{mMatchID='2594235606', mMatchSeqNum='2265504336', mStartTime='1472006222', mLobbyType=0, mMatchPlayers=[]}
MatchID{mMatchID='2586465156', mMatchSeqNum='2258871271', mStartTime='1471733942', mLobbyType=0, mMatchPlayers=[]}
MatchID{mMatchID='2586393706', mMatchSeqNum='2258821826', mStartTime='1471730152', mLobbyType=0, mMatchPlayers=[]}
MatchID{mMatchID='2581633311', mMatchSeqNum='2254742680', mStartTime='1471577839', mLobbyType=0, mMatchPlayers=[]}
MatchID{mMatchID='2581582574', mMatchSeqNum='2254690277', mStartTime='1471575262', mLobbyType=0, mMatchPlayers=[]}
MatchID{mMatchID='2775164580', mMatchSeqNum='2421611625', mStartTime='1479016637', mLobbyType=0, mMatchPlayers=[]}
MatchID{mMatchID='2775067361', mMatchSeqNum='2421546531', mStartTime='1479013393', mLobbyType=0, mMatchPlayers=[]}
MatchID{mMatchID='2774989960', mMatchSeqNum='2421467762', mStartTime='1479010527', mLobbyType=0, mMatchPlayers=[]}
MatchID{mMatchID='2774908435', mMatchSeqNum='2421404710', mStartTime='1479007204', mLobbyType=0, mMatchPlayers=[]}
MatchID{mMatchID='2716254872', mMatchSeqNum='2370728677', mStartTime='1476695290', mLobbyType=0, mMatchPlayers=[]}
MatchID{mMatchID='2614148128', mMatchSeqNum='2282511807', mStartTime='1472712052', mLobbyType=0, mMatchPlayers=[]}
MatchID{mMatchID='2594235606', mMatchSeqNum='2265504336', mStartTime='1472006222', mLobbyType=0, mMatchPlayers=[]}
MatchID{mMatchID='3345606478', mMatchSeqNum='2918718958', mStartTime='1501412582', mLobbyType=0, mMatchPlayers=[]}
MatchID{mMatchID='3345606478', mMatchSeqNum='2918718958', mStartTime='1501412582', mLobbyType=0, mMatchPlayers=[]}
MatchID{mMatchID='3338924956', mMatchSeqNum='2913119264', mStartTime='1501147849', mLobbyType=0, mMatchPlayers=[]}
MatchID{mMatchID='3338924956', mMatchSeqNum='2913119264', mStartTime='1501147849', mLobbyType=0, mMatchPlayers=[]}
MatchID{mMatchID='3338924956', mMatchSeqNum='2913119264', mStartTime='1501147849', mLobbyType=0, mMatchPlayers=[]}
MatchID{mMatchID='3080619157', mMatchSeqNum='2690127723', mStartTime='1490592067', mLobbyType=0, mMatchPlayers=[]}
MatchID{mMatchID='2872522513', mMatchSeqNum='2505742492', mStartTime='1482734908', mLobbyType=0, mMatchPlayers=[]}
MatchID{mMatchID='2847122432', mMatchSeqNum='2483901573', mStartTime='1481776715', mLobbyType=0, mMatchPlayers=[]}
MatchID{mMatchID='2764473987', mMatchSeqNum='2412359994', mStartTime='1478598770', mLobbyType=0, mMatchPlayers=[]}
MatchID{mMatchID='2764473987', mMatchSeqNum='2412359994', mStartTime='1478598770', mLobbyType=0, mMatchPlayers=[]}
MatchID{mMatchID='2764473987', mMatchSeqNum='2412359994', mStartTime='1478598770', mLobbyType=0, mMatchPlayers=[]}
MatchID{mMatchID='2764473987', mMatchSeqNum='2412359994', mStartTime='1478598770', mLobbyType=0, mMatchPlayers=[]}
MatchID{mMatchID='2764402430', mMatchSeqNum='2412273338', mStartTime='1478595982', mLobbyType=0, mMatchPlayers=[]}
MatchID{mMatchID='2764402430', mMatchSeqNum='2412273338', mStartTime='1478595982', mLobbyType=0, mMatchPlayers=[]}
MatchID{mMatchID='2720104395', mMatchSeqNum='2374065905', mStartTime='1476865969', mLobbyType=0, mMatchPlayers=[]}
MatchID{mMatchID='2720104395', mMatchSeqNum='2374065905', mStartTime='1476865969', mLobbyType=0, mMatchPlayers=[]}
MatchID{mMatchID='2720104395', mMatchSeqNum='2374065905', mStartTime='1476865969', mLobbyType=0, mMatchPlayers=[]}
MatchID{mMatchID='2720104395', mMatchSeqNum='2374065905', mStartTime='1476865969', mLobbyType=0, mMatchPlayers=[]}
MatchID{mMatchID='2720104395', mMatchSeqNum='2374065905', mStartTime='1476865969', mLobbyType=0, mMatchPlayers=[]}
MatchID{mMatchID='2716254872', mMatchSeqNum='2370728677', mStartTime='1476695290', mLobbyType=0, mMatchPlayers=[]}
MatchID{mMatchID='2716254872', mMatchSeqNum='2370728677', mStartTime='1476695290', mLobbyType=0, mMatchPlayers=[]}
MatchID{mMatchID='2711350782', mMatchSeqNum='2366537311', mStartTime='1476520386', mLobbyType=0, mMatchPlayers=[]}
MatchID{mMatchID='2711350782', mMatchSeqNum='2366537311', mStartTime='1476520386', mLobbyType=0, mMatchPlayers=[]}
MatchID{mMatchID='2711350782', mMatchSeqNum='2366537311', mStartTime='1476520386', mLobbyType=0, mMatchPlayers=[]}
MatchID{mMatchID='2695712582', mMatchSeqNum='2353121498', mStartTime='1475906397', mLobbyType=0, mMatchPlayers=[]}
MatchID{mMatchID='2695712582', mMatchSeqNum='2353121498', mStartTime='1475906397', mLobbyType=0, mMatchPlayers=[]}
MatchID{mMatchID='2685557268', mMatchSeqNum='2344364266', mStartTime='1475487981', mLobbyType=0, mMatchPlayers=[]}
MatchID{mMatchID='2614148128', mMatchSeqNum='2282511807', mStartTime='1472712052', mLobbyType=0, mMatchPlayers=[]}
MatchID{mMatchID='2614148128', mMatchSeqNum='2282511807', mStartTime='1472712052', mLobbyType=0, mMatchPlayers=[]}
MatchID{mMatchID='2596816028', mMatchSeqNum='2267632565', mStartTime='1472098695', mLobbyType=0, mMatchPlayers=[]}
MatchID{mMatchID='2594235606', mMatchSeqNum='2265504336', mStartTime='1472006222', mLobbyType=0, mMatchPlayers=[]}
MatchID{mMatchID='2586465156', mMatchSeqNum='2258871271', mStartTime='1471733942', mLobbyType=0, mMatchPlayers=[]}
MatchID{mMatchID='2586393706', mMatchSeqNum='2258821826', mStartTime='1471730152', mLobbyType=0, mMatchPlayers=[]}
MatchID{mMatchID='2586393706', mMatchSeqNum='2258821826', mStartTime='1471730152', mLobbyType=0, mMatchPlayers=[]}
MatchID{mMatchID='2581633311', mMatchSeqNum='2254742680', mStartTime='1471577839', mLobbyType=0, mMatchPlayers=[]}
MatchID{mMatchID='2581633311', mMatchSeqNum='2254742680', mStartTime='1471577839', mLobbyType=0, mMatchPlayers=[]}
MatchID{mMatchID='2581633311', mMatchSeqNum='2254742680', mStartTime='1471577839', mLobbyType=0, mMatchPlayers=[]}
MatchID{mMatchID='3345606478', mMatchSeqNum='2918718958', mStartTime='1501412582', mLobbyType=0, mMatchPlayers=[]}
MatchID{mMatchID='3338924956', mMatchSeqNum='2913119264', mStartTime='1501147849', mLobbyType=0, mMatchPlayers=[]}
MatchID{mMatchID='3080619157', mMatchSeqNum='2690127723', mStartTime='1490592067', mLobbyType=0, mMatchPlayers=[]}
MatchID{mMatchID='2872522513', mMatchSeqNum='2505742492', mStartTime='1482734908', mLobbyType=0, mMatchPlayers=[]}
MatchID{mMatchID='2847122432', mMatchSeqNum='2483901573', mStartTime='1481776715', mLobbyType=0, mMatchPlayers=[]}
MatchID{mMatchID='2842150190', mMatchSeqNum='2479827002', mStartTime='1481606317', mLobbyType=0, mMatchPlayers=[]}
MatchID{mMatchID='2842107642', mMatchSeqNum='2479788411', mStartTime='1481604133', mLobbyType=0, mMatchPlayers=[]}
MatchID{mMatchID='2775164580', mMatchSeqNum='2421611625', mStartTime='1479016637', mLobbyType=0, mMatchPlayers=[]}
MatchID{mMatchID='2775067361', mMatchSeqNum='2421546531', mStartTime='1479013393', mLobbyType=0, mMatchPlayers=[]}
MatchID{mMatchID='2774989960', mMatchSeqNum='2421467762', mStartTime='1479010527', mLobbyType=0, mMatchPlayers=[]}
MatchID{mMatchID='2774908435', mMatchSeqNum='2421404710', mStartTime='1479007204', mLobbyType=0, mMatchPlayers=[]}
MatchID{mMatchID='2764473987', mMatchSeqNum='2412359994', mStartTime='1478598770', mLobbyType=0, mMatchPlayers=[]}
MatchID{mMatchID='2764402430', mMatchSeqNum='2412273338', mStartTime='1478595982', mLobbyType=0, mMatchPlayers=[]}
MatchID{mMatchID='2720104395', mMatchSeqNum='2374065905', mStartTime='1476865969', mLobbyType=0, mMatchPlayers=[]}
MatchID{mMatchID='2716254872', mMatchSeqNum='2370728677', mStartTime='1476695290', mLobbyType=0, mMatchPlayers=[]}
MatchID{mMatchID='2711350782', mMatchSeqNum='2366537311', mStartTime='1476520386', mLobbyType=0, mMatchPlayers=[]}
MatchID{mMatchID='2695712582', mMatchSeqNum='2353121498', mStartTime='1475906397', mLobbyType=0, mMatchPlayers=[]}
MatchID{mMatchID='2685557268', mMatchSeqNum='2344364266', mStartTime='1475487981', mLobbyType=0, mMatchPlayers=[]}
MatchID{mMatchID='2614148128', mMatchSeqNum='2282511807', mStartTime='1472712052', mLobbyType=0, mMatchPlayers=[]}
MatchID{mMatchID='2596816028', mMatchSeqNum='2267632565', mStartTime='1472098695', mLobbyType=0, mMatchPlayers=[]}
MatchID{mMatchID='2594235606', mMatchSeqNum='2265504336', mStartTime='1472006222', mLobbyType=0, mMatchPlayers=[]}
MatchID{mMatchID='2586465156', mMatchSeqNum='2258871271', mStartTime='1471733942', mLobbyType=0, mMatchPlayers=[]}
MatchID{mMatchID='2586393706', mMatchSeqNum='2258821826', mStartTime='1471730152', mLobbyType=0, mMatchPlayers=[]}
MatchID{mMatchID='2581633311', mMatchSeqNum='2254742680', mStartTime='1471577839', mLobbyType=0, mMatchPlayers=[]}
MatchID{mMatchID='2581582574', mMatchSeqNum='2254690277', mStartTime='1471575262', mLobbyType=0, mMatchPlayers=[]}
MatchID{mMatchID='2775164580', mMatchSeqNum='2421611625', mStartTime='1479016637', mLobbyType=0, mMatchPlayers=[]}
MatchID{mMatchID='2775067361', mMatchSeqNum='2421546531', mStartTime='1479013393', mLobbyType=0, mMatchPlayers=[]}
MatchID{mMatchID='2774989960', mMatchSeqNum='2421467762', mStartTime='1479010527', mLobbyType=0, mMatchPlayers=[]}
MatchID{mMatchID='2774908435', mMatchSeqNum='2421404710', mStartTime='1479007204', mLobbyType=0, mMatchPlayers=[]}
MatchID{mMatchID='2716254872', mMatchSeqNum='2370728677', mStartTime='1476695290', mLobbyType=0, mMatchPlayers=[]}
MatchID{mMatchID='2614148128', mMatchSeqNum='2282511807', mStartTime='1472712052', mLobbyType=0, mMatchPlayers=[]}
MatchID{mMatchID='2594235606', mMatchSeqNum='2265504336', mStartTime='1472006222', mLobbyType=0, mMatchPlayers=[]}
User: personaname5
MatchID{mMatchID='3345606478', mMatchSeqNum='2918718958', mStartTime='1501412582', mLobbyType=0, mMatchPlayers=[]}
MatchID{mMatchID='3345606478', mMatchSeqNum='2918718958', mStartTime='1501412582', mLobbyType=0, mMatchPlayers=[]}
MatchID{mMatchID='3338924956', mMatchSeqNum='2913119264', mStartTime='1501147849', mLobbyType=0, mMatchPlayers=[]}
MatchID{mMatchID='3338924956', mMatchSeqNum='2913119264', mStartTime='1501147849', mLobbyType=0, mMatchPlayers=[]}
MatchID{mMatchID='3338924956', mMatchSeqNum='2913119264', mStartTime='1501147849', mLobbyType=0, mMatchPlayers=[]}
MatchID{mMatchID='3080619157', mMatchSeqNum='2690127723', mStartTime='1490592067', mLobbyType=0, mMatchPlayers=[]}
MatchID{mMatchID='2872522513', mMatchSeqNum='2505742492', mStartTime='1482734908', mLobbyType=0, mMatchPlayers=[]}
MatchID{mMatchID='2847122432', mMatchSeqNum='2483901573', mStartTime='1481776715', mLobbyType=0, mMatchPlayers=[]}
MatchID{mMatchID='2764473987', mMatchSeqNum='2412359994', mStartTime='1478598770', mLobbyType=0, mMatchPlayers=[]}
MatchID{mMatchID='2764473987', mMatchSeqNum='2412359994', mStartTime='1478598770', mLobbyType=0, mMatchPlayers=[]}
MatchID{mMatchID='2764473987', mMatchSeqNum='2412359994', mStartTime='1478598770', mLobbyType=0, mMatchPlayers=[]}
MatchID{mMatchID='2764473987', mMatchSeqNum='2412359994', mStartTime='1478598770', mLobbyType=0, mMatchPlayers=[]}
MatchID{mMatchID='2764402430', mMatchSeqNum='2412273338', mStartTime='1478595982', mLobbyType=0, mMatchPlayers=[]}
MatchID{mMatchID='2764402430', mMatchSeqNum='2412273338', mStartTime='1478595982', mLobbyType=0, mMatchPlayers=[]}
MatchID{mMatchID='2720104395', mMatchSeqNum='2374065905', mStartTime='1476865969', mLobbyType=0, mMatchPlayers=[]}
MatchID{mMatchID='2720104395', mMatchSeqNum='2374065905', mStartTime='1476865969', mLobbyType=0, mMatchPlayers=[]}
MatchID{mMatchID='2720104395', mMatchSeqNum='2374065905', mStartTime='1476865969', mLobbyType=0, mMatchPlayers=[]}
MatchID{mMatchID='2720104395', mMatchSeqNum='2374065905', mStartTime='1476865969', mLobbyType=0, mMatchPlayers=[]}
MatchID{mMatchID='2720104395', mMatchSeqNum='2374065905', mStartTime='1476865969', mLobbyType=0, mMatchPlayers=[]}
MatchID{mMatchID='2716254872', mMatchSeqNum='2370728677', mStartTime='1476695290', mLobbyType=0, mMatchPlayers=[]}
MatchID{mMatchID='2716254872', mMatchSeqNum='2370728677', mStartTime='1476695290', mLobbyType=0, mMatchPlayers=[]}
MatchID{mMatchID='2711350782', mMatchSeqNum='2366537311', mStartTime='1476520386', mLobbyType=0, mMatchPlayers=[]}
MatchID{mMatchID='2711350782', mMatchSeqNum='2366537311', mStartTime='1476520386', mLobbyType=0, mMatchPlayers=[]}
MatchID{mMatchID='2711350782', mMatchSeqNum='2366537311', mStartTime='1476520386', mLobbyType=0, mMatchPlayers=[]}
MatchID{mMatchID='2695712582', mMatchSeqNum='2353121498', mStartTime='1475906397', mLobbyType=0, mMatchPlayers=[]}
MatchID{mMatchID='2695712582', mMatchSeqNum='2353121498', mStartTime='1475906397', mLobbyType=0, mMatchPlayers=[]}
MatchID{mMatchID='2685557268', mMatchSeqNum='2344364266', mStartTime='1475487981', mLobbyType=0, mMatchPlayers=[]}
MatchID{mMatchID='2614148128', mMatchSeqNum='2282511807', mStartTime='1472712052', mLobbyType=0, mMatchPlayers=[]}
MatchID{mMatchID='2614148128', mMatchSeqNum='2282511807', mStartTime='1472712052', mLobbyType=0, mMatchPlayers=[]}
MatchID{mMatchID='2596816028', mMatchSeqNum='2267632565', mStartTime='1472098695', mLobbyType=0, mMatchPlayers=[]}
MatchID{mMatchID='2594235606', mMatchSeqNum='2265504336', mStartTime='1472006222', mLobbyType=0, mMatchPlayers=[]}
MatchID{mMatchID='2586465156', mMatchSeqNum='2258871271', mStartTime='1471733942', mLobbyType=0, mMatchPlayers=[]}
MatchID{mMatchID='2586393706', mMatchSeqNum='2258821826', mStartTime='1471730152', mLobbyType=0, mMatchPlayers=[]}
MatchID{mMatchID='2586393706', mMatchSeqNum='2258821826', mStartTime='1471730152', mLobbyType=0, mMatchPlayers=[]}
MatchID{mMatchID='2581633311', mMatchSeqNum='2254742680', mStartTime='1471577839', mLobbyType=0, mMatchPlayers=[]}
MatchID{mMatchID='2581633311', mMatchSeqNum='2254742680', mStartTime='1471577839', mLobbyType=0, mMatchPlayers=[]}
MatchID{mMatchID='2581633311', mMatchSeqNum='2254742680', mStartTime='1471577839', mLobbyType=0, mMatchPlayers=[]}
MatchID{mMatchID='3345606478', mMatchSeqNum='2918718958', mStartTime='1501412582', mLobbyType=0, mMatchPlayers=[]}
MatchID{mMatchID='3338924956', mMatchSeqNum='2913119264', mStartTime='1501147849', mLobbyType=0, mMatchPlayers=[]}
MatchID{mMatchID='3080619157', mMatchSeqNum='2690127723', mStartTime='1490592067', mLobbyType=0, mMatchPlayers=[]}
MatchID{mMatchID='2872522513', mMatchSeqNum='2505742492', mStartTime='1482734908', mLobbyType=0, mMatchPlayers=[]}
MatchID{mMatchID='2847122432', mMatchSeqNum='2483901573', mStartTime='1481776715', mLobbyType=0, mMatchPlayers=[]}
MatchID{mMatchID='2842150190', mMatchSeqNum='2479827002', mStartTime='1481606317', mLobbyType=0, mMatchPlayers=[]}
MatchID{mMatchID='2842107642', mMatchSeqNum='2479788411', mStartTime='1481604133', mLobbyType=0, mMatchPlayers=[]}
MatchID{mMatchID='2775164580', mMatchSeqNum='2421611625', mStartTime='1479016637', mLobbyType=0, mMatchPlayers=[]}
MatchID{mMatchID='2775067361', mMatchSeqNum='2421546531', mStartTime='1479013393', mLobbyType=0, mMatchPlayers=[]}
MatchID{mMatchID='2774989960', mMatchSeqNum='2421467762', mStartTime='1479010527', mLobbyType=0, mMatchPlayers=[]}
MatchID{mMatchID='2774908435', mMatchSeqNum='2421404710', mStartTime='1479007204', mLobbyType=0, mMatchPlayers=[]}
MatchID{mMatchID='2764473987', mMatchSeqNum='2412359994', mStartTime='1478598770', mLobbyType=0, mMatchPlayers=[]}
MatchID{mMatchID='2764402430', mMatchSeqNum='2412273338', mStartTime='1478595982', mLobbyType=0, mMatchPlayers=[]}
MatchID{mMatchID='2720104395', mMatchSeqNum='2374065905', mStartTime='1476865969', mLobbyType=0, mMatchPlayers=[]}
MatchID{mMatchID='2716254872', mMatchSeqNum='2370728677', mStartTime='1476695290', mLobbyType=0, mMatchPlayers=[]}
MatchID{mMatchID='2711350782', mMatchSeqNum='2366537311', mStartTime='1476520386', mLobbyType=0, mMatchPlayers=[]}
MatchID{mMatchID='2695712582', mMatchSeqNum='2353121498', mStartTime='1475906397', mLobbyType=0, mMatchPlayers=[]}
MatchID{mMatchID='2685557268', mMatchSeqNum='2344364266', mStartTime='1475487981', mLobbyType=0, mMatchPlayers=[]}
MatchID{mMatchID='2614148128', mMatchSeqNum='2282511807', mStartTime='1472712052', mLobbyType=0, mMatchPlayers=[]}
MatchID{mMatchID='2596816028', mMatchSeqNum='2267632565', mStartTime='1472098695', mLobbyType=0, mMatchPlayers=[]}
MatchID{mMatchID='2594235606', mMatchSeqNum='2265504336', mStartTime='1472006222', mLobbyType=0, mMatchPlayers=[]}
MatchID{mMatchID='2586465156', mMatchSeqNum='2258871271', mStartTime='1471733942', mLobbyType=0, mMatchPlayers=[]}
MatchID{mMatchID='2586393706', mMatchSeqNum='2258821826', mStartTime='1471730152', mLobbyType=0, mMatchPlayers=[]}
MatchID{mMatchID='2581633311', mMatchSeqNum='2254742680', mStartTime='1471577839', mLobbyType=0, mMatchPlayers=[]}
MatchID{mMatchID='2581582574', mMatchSeqNum='2254690277', mStartTime='1471575262', mLobbyType=0, mMatchPlayers=[]}
MatchID{mMatchID='2775164580', mMatchSeqNum='2421611625', mStartTime='1479016637', mLobbyType=0, mMatchPlayers=[]}
MatchID{mMatchID='2775067361', mMatchSeqNum='2421546531', mStartTime='1479013393', mLobbyType=0, mMatchPlayers=[]}
MatchID{mMatchID='2774989960', mMatchSeqNum='2421467762', mStartTime='1479010527', mLobbyType=0, mMatchPlayers=[]}
MatchID{mMatchID='2774908435', mMatchSeqNum='2421404710', mStartTime='1479007204', mLobbyType=0, mMatchPlayers=[]}
MatchID{mMatchID='2716254872', mMatchSeqNum='2370728677', mStartTime='1476695290', mLobbyType=0, mMatchPlayers=[]}
MatchID{mMatchID='2614148128', mMatchSeqNum='2282511807', mStartTime='1472712052', mLobbyType=0, mMatchPlayers=[]}
MatchID{mMatchID='2594235606', mMatchSeqNum='2265504336', mStartTime='1472006222', mLobbyType=0, mMatchPlayers=[]}
MatchID{mMatchID='3345606478', mMatchSeqNum='2918718958', mStartTime='1501412582', mLobbyType=0, mMatchPlayers=[]}
MatchID{mMatchID='3345606478', mMatchSeqNum='2918718958', mStartTime='1501412582', mLobbyType=0, mMatchPlayers=[]}
MatchID{mMatchID='3338924956', mMatchSeqNum='2913119264', mStartTime='1501147849', mLobbyType=0, mMatchPlayers=[]}
MatchID{mMatchID='3338924956', mMatchSeqNum='2913119264', mStartTime='1501147849', mLobbyType=0, mMatchPlayers=[]}
MatchID{mMatchID='3338924956', mMatchSeqNum='2913119264', mStartTime='1501147849', mLobbyType=0, mMatchPlayers=[]}
MatchID{mMatchID='3080619157', mMatchSeqNum='2690127723', mStartTime='1490592067', mLobbyType=0, mMatchPlayers=[]}
MatchID{mMatchID='2872522513', mMatchSeqNum='2505742492', mStartTime='1482734908', mLobbyType=0, mMatchPlayers=[]}
MatchID{mMatchID='2847122432', mMatchSeqNum='2483901573', mStartTime='1481776715', mLobbyType=0, mMatchPlayers=[]}
MatchID{mMatchID='2764473987', mMatchSeqNum='2412359994', mStartTime='1478598770', mLobbyType=0, mMatchPlayers=[]}
MatchID{mMatchID='2764473987', mMatchSeqNum='2412359994', mStartTime='1478598770', mLobbyType=0, mMatchPlayers=[]}
MatchID{mMatchID='2764473987', mMatchSeqNum='2412359994', mStartTime='1478598770', mLobbyType=0, mMatchPlayers=[]}
MatchID{mMatchID='2764473987', mMatchSeqNum='2412359994', mStartTime='1478598770', mLobbyType=0, mMatchPlayers=[]}
MatchID{mMatchID='2764402430', mMatchSeqNum='2412273338', mStartTime='1478595982', mLobbyType=0, mMatchPlayers=[]}
MatchID{mMatchID='2764402430', mMatchSeqNum='2412273338', mStartTime='1478595982', mLobbyType=0, mMatchPlayers=[]}
MatchID{mMatchID='2720104395', mMatchSeqNum='2374065905', mStartTime='1476865969', mLobbyType=0, mMatchPlayers=[]}
MatchID{mMatchID='2720104395', mMatchSeqNum='2374065905', mStartTime='1476865969', mLobbyType=0, mMatchPlayers=[]}
MatchID{mMatchID='2720104395', mMatchSeqNum='2374065905', mStartTime='1476865969', mLobbyType=0, mMatchPlayers=[]}
MatchID{mMatchID='2720104395', mMatchSeqNum='2374065905', mStartTime='1476865969', mLobbyType=0, mMatchPlayers=[]}
MatchID{mMatchID='2720104395', mMatchSeqNum='2374065905', mStartTime='1476865969', mLobbyType=0, mMatchPlayers=[]}
MatchID{mMatchID='2716254872', mMatchSeqNum='2370728677', mStartTime='1476695290', mLobbyType=0, mMatchPlayers=[]}
MatchID{mMatchID='2716254872', mMatchSeqNum='2370728677', mStartTime='1476695290', mLobbyType=0, mMatchPlayers=[]}
MatchID{mMatchID='2711350782', mMatchSeqNum='2366537311', mStartTime='1476520386', mLobbyType=0, mMatchPlayers=[]}
MatchID{mMatchID='2711350782', mMatchSeqNum='2366537311', mStartTime='1476520386', mLobbyType=0, mMatchPlayers=[]}
MatchID{mMatchID='2711350782', mMatchSeqNum='2366537311', mStartTime='1476520386', mLobbyType=0, mMatchPlayers=[]}
MatchID{mMatchID='2695712582', mMatchSeqNum='2353121498', mStartTime='1475906397', mLobbyType=0, mMatchPlayers=[]}
MatchID{mMatchID='2695712582', mMatchSeqNum='2353121498', mStartTime='1475906397', mLobbyType=0, mMatchPlayers=[]}
MatchID{mMatchID='2685557268', mMatchSeqNum='2344364266', mStartTime='1475487981', mLobbyType=0, mMatchPlayers=[]}
MatchID{mMatchID='2614148128', mMatchSeqNum='2282511807', mStartTime='1472712052', mLobbyType=0, mMatchPlayers=[]}
MatchID{mMatchID='2614148128', mMatchSeqNum='2282511807', mStartTime='1472712052', mLobbyType=0, mMatchPlayers=[]}
MatchID{mMatchID='2596816028', mMatchSeqNum='2267632565', mStartTime='1472098695', mLobbyType=0, mMatchPlayers=[]}
MatchID{mMatchID='2594235606', mMatchSeqNum='2265504336', mStartTime='1472006222', mLobbyType=0, mMatchPlayers=[]}
MatchID{mMatchID='2586465156', mMatchSeqNum='2258871271', mStartTime='1471733942', mLobbyType=0, mMatchPlayers=[]}
MatchID{mMatchID='2586393706', mMatchSeqNum='2258821826', mStartTime='1471730152', mLobbyType=0, mMatchPlayers=[]}
MatchID{mMatchID='2586393706', mMatchSeqNum='2258821826', mStartTime='1471730152', mLobbyType=0, mMatchPlayers=[]}
MatchID{mMatchID='2581633311', mMatchSeqNum='2254742680', mStartTime='1471577839', mLobbyType=0, mMatchPlayers=[]}
MatchID{mMatchID='2581633311', mMatchSeqNum='2254742680', mStartTime='1471577839', mLobbyType=0, mMatchPlayers=[]}
MatchID{mMatchID='2581633311', mMatchSeqNum='2254742680', mStartTime='1471577839', mLobbyType=0, mMatchPlayers=[]}
MatchID{mMatchID='3345606478', mMatchSeqNum='2918718958', mStartTime='1501412582', mLobbyType=0, mMatchPlayers=[]}
MatchID{mMatchID='3338924956', mMatchSeqNum='2913119264', mStartTime='1501147849', mLobbyType=0, mMatchPlayers=[]}
MatchID{mMatchID='3080619157', mMatchSeqNum='2690127723', mStartTime='1490592067', mLobbyType=0, mMatchPlayers=[]}
MatchID{mMatchID='2872522513', mMatchSeqNum='2505742492', mStartTime='1482734908', mLobbyType=0, mMatchPlayers=[]}
MatchID{mMatchID='2847122432', mMatchSeqNum='2483901573', mStartTime='1481776715', mLobbyType=0, mMatchPlayers=[]}
MatchID{mMatchID='2842150190', mMatchSeqNum='2479827002', mStartTime='1481606317', mLobbyType=0, mMatchPlayers=[]}
MatchID{mMatchID='2842107642', mMatchSeqNum='2479788411', mStartTime='1481604133', mLobbyType=0, mMatchPlayers=[]}
MatchID{mMatchID='2775164580', mMatchSeqNum='2421611625', mStartTime='1479016637', mLobbyType=0, mMatchPlayers=[]}
MatchID{mMatchID='2775067361', mMatchSeqNum='2421546531', mStartTime='1479013393', mLobbyType=0, mMatchPlayers=[]}
MatchID{mMatchID='2774989960', mMatchSeqNum='2421467762', mStartTime='1479010527', mLobbyType=0, mMatchPlayers=[]}
MatchID{mMatchID='2774908435', mMatchSeqNum='2421404710', mStartTime='1479007204', mLobbyType=0, mMatchPlayers=[]}
MatchID{mMatchID='2764473987', mMatchSeqNum='2412359994', mStartTime='1478598770', mLobbyType=0, mMatchPlayers=[]}
MatchID{mMatchID='2764402430', mMatchSeqNum='2412273338', mStartTime='1478595982', mLobbyType=0, mMatchPlayers=[]}
MatchID{mMatchID='2720104395', mMatchSeqNum='2374065905', mStartTime='1476865969', mLobbyType=0, mMatchPlayers=[]}
MatchID{mMatchID='2716254872', mMatchSeqNum='2370728677', mStartTime='1476695290', mLobbyType=0, mMatchPlayers=[]}
MatchID{mMatchID='2711350782', mMatchSeqNum='2366537311', mStartTime='1476520386', mLobbyType=0, mMatchPlayers=[]}
MatchID{mMatchID='2695712582', mMatchSeqNum='2353121498', mStartTime='1475906397', mLobbyType=0, mMatchPlayers=[]}
MatchID{mMatchID='2685557268', mMatchSeqNum='2344364266', mStartTime='1475487981', mLobbyType=0, mMatchPlayers=[]}
MatchID{mMatchID='2614148128', mMatchSeqNum='2282511807', mStartTime='1472712052', mLobbyType=0, mMatchPlayers=[]}
MatchID{mMatchID='2596816028', mMatchSeqNum='2267632565', mStartTime='1472098695', mLobbyType=0, mMatchPlayers=[]}
MatchID{mMatchID='2594235606', mMatchSeqNum='2265504336', mStartTime='1472006222', mLobbyType=0, mMatchPlayers=[]}
MatchID{mMatchID='2586465156', mMatchSeqNum='2258871271', mStartTime='1471733942', mLobbyType=0, mMatchPlayers=[]}
MatchID{mMatchID='2586393706', mMatchSeqNum='2258821826', mStartTime='1471730152', mLobbyType=0, mMatchPlayers=[]}
MatchID{mMatchID='2581633311', mMatchSeqNum='2254742680', mStartTime='1471577839', mLobbyType=0, mMatchPlayers=[]}
MatchID{mMatchID='2581582574', mMatchSeqNum='2254690277', mStartTime='1471575262', mLobbyType=0, mMatchPlayers=[]}
MatchID{mMatchID='2775164580', mMatchSeqNum='2421611625', mStartTime='1479016637', mLobbyType=0, mMatchPlayers=[]}
MatchID{mMatchID='2775067361', mMatchSeqNum='2421546531', mStartTime='1479013393', mLobbyType=0, mMatchPlayers=[]}
MatchID{mMatchID='2774989960', mMatchSeqNum='2421467762', mStartTime='1479010527', mLobbyType=0, mMatchPlayers=[]}
MatchID{mMatchID='2774908435', mMatchSeqNum='2421404710', mStartTime='1479007204', mLobbyType=0, mMatchPlayers=[]}
MatchID{mMatchID='2716254872', mMatchSeqNum='2370728677', mStartTime='1476695290', mLobbyType=0, mMatchPlayers=[]}
MatchID{mMatchID='2614148128', mMatchSeqNum='2282511807', mStartTime='1472712052', mLobbyType=0, mMatchPlayers=[]}
MatchID{mMatchID='2594235606', mMatchSeqNum='2265504336', mStartTime='1472006222', mLobbyType=0, mMatchPlayers=[]}
User: personaname6
MatchID{mMatchID='3345606478', mMatchSeqNum='2918718958', mStartTime='1501412582', mLobbyType=0, mMatchPlayers=[]}
MatchID{mMatchID='3345606478', mMatchSeqNum='2918718958', mStartTime='1501412582', mLobbyType=0, mMatchPlayers=[]}
MatchID{mMatchID='3338924956', mMatchSeqNum='2913119264', mStartTime='1501147849', mLobbyType=0, mMatchPlayers=[]}
MatchID{mMatchID='3338924956', mMatchSeqNum='2913119264', mStartTime='1501147849', mLobbyType=0, mMatchPlayers=[]}
MatchID{mMatchID='3338924956', mMatchSeqNum='2913119264', mStartTime='1501147849', mLobbyType=0, mMatchPlayers=[]}
MatchID{mMatchID='3080619157', mMatchSeqNum='2690127723', mStartTime='1490592067', mLobbyType=0, mMatchPlayers=[]}
MatchID{mMatchID='2872522513', mMatchSeqNum='2505742492', mStartTime='1482734908', mLobbyType=0, mMatchPlayers=[]}
MatchID{mMatchID='2847122432', mMatchSeqNum='2483901573', mStartTime='1481776715', mLobbyType=0, mMatchPlayers=[]}
MatchID{mMatchID='2764473987', mMatchSeqNum='2412359994', mStartTime='1478598770', mLobbyType=0, mMatchPlayers=[]}
MatchID{mMatchID='2764473987', mMatchSeqNum='2412359994', mStartTime='1478598770', mLobbyType=0, mMatchPlayers=[]}
MatchID{mMatchID='2764473987', mMatchSeqNum='2412359994', mStartTime='1478598770', mLobbyType=0, mMatchPlayers=[]}
MatchID{mMatchID='2764473987', mMatchSeqNum='2412359994', mStartTime='1478598770', mLobbyType=0, mMatchPlayers=[]}
MatchID{mMatchID='2764402430', mMatchSeqNum='2412273338', mStartTime='1478595982', mLobbyType=0, mMatchPlayers=[]}
MatchID{mMatchID='2764402430', mMatchSeqNum='2412273338', mStartTime='1478595982', mLobbyType=0, mMatchPlayers=[]}
MatchID{mMatchID='2720104395', mMatchSeqNum='2374065905', mStartTime='1476865969', mLobbyType=0, mMatchPlayers=[]}
MatchID{mMatchID='2720104395', mMatchSeqNum='2374065905', mStartTime='1476865969', mLobbyType=0, mMatchPlayers=[]}
MatchID{mMatchID='2720104395', mMatchSeqNum='2374065905', mStartTime='1476865969', mLobbyType=0, mMatchPlayers=[]}
MatchID{mMatchID='2720104395', mMatchSeqNum='2374065905', mStartTime='1476865969', mLobbyType=0, mMatchPlayers=[]}
MatchID{mMatchID='2720104395', mMatchSeqNum='2374065905', mStartTime='1476865969', mLobbyType=0, mMatchPlayers=[]}
MatchID{mMatchID='2716254872', mMatchSeqNum='2370728677', mStartTime='1476695290', mLobbyType=0, mMatchPlayers=[]}
MatchID{mMatchID='2716254872', mMatchSeqNum='2370728677', mStartTime='1476695290', mLobbyType=0, mMatchPlayers=[]}
MatchID{mMatchID='2711350782', mMatchSeqNum='2366537311', mStartTime='1476520386', mLobbyType=0, mMatchPlayers=[]}
MatchID{mMatchID='2711350782', mMatchSeqNum='2366537311', mStartTime='1476520386', mLobbyType=0, mMatchPlayers=[]}
MatchID{mMatchID='2711350782', mMatchSeqNum='2366537311', mStartTime='1476520386', mLobbyType=0, mMatchPlayers=[]}
MatchID{mMatchID='2695712582', mMatchSeqNum='2353121498', mStartTime='1475906397', mLobbyType=0, mMatchPlayers=[]}
MatchID{mMatchID='2695712582', mMatchSeqNum='2353121498', mStartTime='1475906397', mLobbyType=0, mMatchPlayers=[]}
MatchID{mMatchID='2685557268', mMatchSeqNum='2344364266', mStartTime='1475487981', mLobbyType=0, mMatchPlayers=[]}
MatchID{mMatchID='2614148128', mMatchSeqNum='2282511807', mStartTime='1472712052', mLobbyType=0, mMatchPlayers=[]}
MatchID{mMatchID='2614148128', mMatchSeqNum='2282511807', mStartTime='1472712052', mLobbyType=0, mMatchPlayers=[]}
MatchID{mMatchID='2596816028', mMatchSeqNum='2267632565', mStartTime='1472098695', mLobbyType=0, mMatchPlayers=[]}
MatchID{mMatchID='2594235606', mMatchSeqNum='2265504336', mStartTime='1472006222', mLobbyType=0, mMatchPlayers=[]}
MatchID{mMatchID='2586465156', mMatchSeqNum='2258871271', mStartTime='1471733942', mLobbyType=0, mMatchPlayers=[]}
MatchID{mMatchID='2586393706', mMatchSeqNum='2258821826', mStartTime='1471730152', mLobbyType=0, mMatchPlayers=[]}
MatchID{mMatchID='2586393706', mMatchSeqNum='2258821826', mStartTime='1471730152', mLobbyType=0, mMatchPlayers=[]}
MatchID{mMatchID='2581633311', mMatchSeqNum='2254742680', mStartTime='1471577839', mLobbyType=0, mMatchPlayers=[]}
MatchID{mMatchID='2581633311', mMatchSeqNum='2254742680', mStartTime='1471577839', mLobbyType=0, mMatchPlayers=[]}
MatchID{mMatchID='2581633311', mMatchSeqNum='2254742680', mStartTime='1471577839', mLobbyType=0, mMatchPlayers=[]}
MatchID{mMatchID='3345606478', mMatchSeqNum='2918718958', mStartTime='1501412582', mLobbyType=0, mMatchPlayers=[]}
MatchID{mMatchID='3338924956', mMatchSeqNum='2913119264', mStartTime='1501147849', mLobbyType=0, mMatchPlayers=[]}
MatchID{mMatchID='3080619157', mMatchSeqNum='2690127723', mStartTime='1490592067', mLobbyType=0, mMatchPlayers=[]}
MatchID{mMatchID='2872522513', mMatchSeqNum='2505742492', mStartTime='1482734908', mLobbyType=0, mMatchPlayers=[]}
MatchID{mMatchID='2847122432', mMatchSeqNum='2483901573', mStartTime='1481776715', mLobbyType=0, mMatchPlayers=[]}
MatchID{mMatchID='2842150190', mMatchSeqNum='2479827002', mStartTime='1481606317', mLobbyType=0, mMatchPlayers=[]}
MatchID{mMatchID='2842107642', mMatchSeqNum='2479788411', mStartTime='1481604133', mLobbyType=0, mMatchPlayers=[]}
MatchID{mMatchID='2775164580', mMatchSeqNum='2421611625', mStartTime='1479016637', mLobbyType=0, mMatchPlayers=[]}
MatchID{mMatchID='2775067361', mMatchSeqNum='2421546531', mStartTime='1479013393', mLobbyType=0, mMatchPlayers=[]}
MatchID{mMatchID='2774989960', mMatchSeqNum='2421467762', mStartTime='1479010527', mLobbyType=0, mMatchPlayers=[]}
MatchID{mMatchID='2774908435', mMatchSeqNum='2421404710', mStartTime='1479007204', mLobbyType=0, mMatchPlayers=[]}
MatchID{mMatchID='2764473987', mMatchSeqNum='2412359994', mStartTime='1478598770', mLobbyType=0, mMatchPlayers=[]}
MatchID{mMatchID='2764402430', mMatchSeqNum='2412273338', mStartTime='1478595982', mLobbyType=0, mMatchPlayers=[]}
MatchID{mMatchID='2720104395', mMatchSeqNum='2374065905', mStartTime='1476865969', mLobbyType=0, mMatchPlayers=[]}
MatchID{mMatchID='2716254872', mMatchSeqNum='2370728677', mStartTime='1476695290', mLobbyType=0, mMatchPlayers=[]}
MatchID{mMatchID='2711350782', mMatchSeqNum='2366537311', mStartTime='1476520386', mLobbyType=0, mMatchPlayers=[]}
MatchID{mMatchID='2695712582', mMatchSeqNum='2353121498', mStartTime='1475906397', mLobbyType=0, mMatchPlayers=[]}
MatchID{mMatchID='2685557268', mMatchSeqNum='2344364266', mStartTime='1475487981', mLobbyType=0, mMatchPlayers=[]}
MatchID{mMatchID='2614148128', mMatchSeqNum='2282511807', mStartTime='1472712052', mLobbyType=0, mMatchPlayers=[]}
MatchID{mMatchID='2596816028', mMatchSeqNum='2267632565', mStartTime='1472098695', mLobbyType=0, mMatchPlayers=[]}
MatchID{mMatchID='2594235606', mMatchSeqNum='2265504336', mStartTime='1472006222', mLobbyType=0, mMatchPlayers=[]}
MatchID{mMatchID='2586465156', mMatchSeqNum='2258871271', mStartTime='1471733942', mLobbyType=0, mMatchPlayers=[]}
MatchID{mMatchID='2586393706', mMatchSeqNum='2258821826', mStartTime='1471730152', mLobbyType=0, mMatchPlayers=[]}
MatchID{mMatchID='2581633311', mMatchSeqNum='2254742680', mStartTime='1471577839', mLobbyType=0, mMatchPlayers=[]}
MatchID{mMatchID='2581582574', mMatchSeqNum='2254690277', mStartTime='1471575262', mLobbyType=0, mMatchPlayers=[]}
MatchID{mMatchID='2775164580', mMatchSeqNum='2421611625', mStartTime='1479016637', mLobbyType=0, mMatchPlayers=[]}
MatchID{mMatchID='2775067361', mMatchSeqNum='2421546531', mStartTime='1479013393', mLobbyType=0, mMatchPlayers=[]}
MatchID{mMatchID='2774989960', mMatchSeqNum='2421467762', mStartTime='1479010527', mLobbyType=0, mMatchPlayers=[]}
MatchID{mMatchID='2774908435', mMatchSeqNum='2421404710', mStartTime='1479007204', mLobbyType=0, mMatchPlayers=[]}
MatchID{mMatchID='2716254872', mMatchSeqNum='2370728677', mStartTime='1476695290', mLobbyType=0, mMatchPlayers=[]}
MatchID{mMatchID='2614148128', mMatchSeqNum='2282511807', mStartTime='1472712052', mLobbyType=0, mMatchPlayers=[]}
MatchID{mMatchID='2594235606', mMatchSeqNum='2265504336', mStartTime='1472006222', mLobbyType=0, mMatchPlayers=[]}
0
]]></system-out>
  <system-err><![CDATA[Nov 16, 2017 12:41:42 AM edu.orangecoastcollege.cs273.api.APIRequest getJSON
INFO: Building new HTTP connection
Nov 16, 2017 12:41:42 AM edu.orangecoastcollege.cs273.api.APIRequest getJSON
INFO: Attempting to connect to URL
Nov 16, 2017 12:41:42 AM edu.orangecoastcollege.cs273.api.APIRequest getJSON
INFO: Response code received: 200
]]></system-err>
</testsuite>
